{"numTotalTestSuites":99,"numPassedTestSuites":63,"numFailedTestSuites":36,"numPendingTestSuites":0,"numTotalTests":220,"numPassedTests":124,"numFailedTests":96,"numPendingTests":0,"numTodoTests":0,"snapshot":{"added":0,"failure":false,"filesAdded":0,"filesRemoved":0,"filesRemovedList":[],"filesUnmatched":0,"filesUpdated":0,"matched":0,"total":0,"unchecked":0,"uncheckedKeysByFile":[],"unmatched":0,"updated":0,"didUpdate":false},"startTime":1772531657702,"success":false,"testResults":[{"assertionResults":[{"ancestorTitles":["agentic discovery eval rubric"],"fullName":"agentic discovery eval rubric scores the current benchmark above the regression threshold","status":"passed","title":"scores the current benchmark above the regression threshold","duration":2.4099160000000666,"failureMessages":[],"meta":{}},{"ancestorTitles":["agentic discovery eval rubric"],"fullName":"agentic discovery eval rubric keeps sentiment matching strict for all benchmark cases","status":"passed","title":"keeps sentiment matching strict for all benchmark cases","duration":1.697541000000001,"failureMessages":[],"meta":{}},{"ancestorTitles":["agentic discovery eval rubric","sentiment mismatch penalty"],"fullName":"agentic discovery eval rubric sentiment mismatch penalty applies a 0.5x multiplier when sentiment is wrong","status":"passed","title":"applies a 0.5x multiplier when sentiment is wrong","duration":0.630916999999954,"failureMessages":[],"meta":{}},{"ancestorTitles":["agentic discovery eval rubric","sentiment mismatch penalty"],"fullName":"agentic discovery eval rubric sentiment mismatch penalty caps score well below threshold even with perfect domains and themes","status":"passed","title":"caps score well below threshold even with perfect domains and themes","duration":0.5053749999999582,"failureMessages":[],"meta":{}},{"ancestorTitles":["agentic discovery eval rubric","sentiment mismatch penalty"],"fullName":"agentic discovery eval rubric sentiment mismatch penalty produces a lower score than losing only the sentiment weight","status":"passed","title":"produces a lower score than losing only the sentiment weight","duration":0.21699999999987085,"failureMessages":[],"meta":{}},{"ancestorTitles":["agentic discovery eval rubric","missing theme recall penalty"],"fullName":"agentic discovery eval rubric missing theme recall penalty applies no penalty when all gold themes are present in prediction","status":"passed","title":"applies no penalty when all gold themes are present in prediction","duration":0.30991599999993014,"failureMessages":[],"meta":{}},{"ancestorTitles":["agentic discovery eval rubric","missing theme recall penalty"],"fullName":"agentic discovery eval rubric missing theme recall penalty penalizes when prediction misses one gold theme","status":"passed","title":"penalizes when prediction misses one gold theme","duration":0.26279199999999037,"failureMessages":[],"meta":{}},{"ancestorTitles":["agentic discovery eval rubric","missing theme recall penalty"],"fullName":"agentic discovery eval rubric missing theme recall penalty applies maximum recall penalty when all gold themes are missing","status":"passed","title":"applies maximum recall penalty when all gold themes are missing","duration":0.07925000000000182,"failureMessages":[],"meta":{}},{"ancestorTitles":["agentic discovery eval rubric","missing theme recall penalty"],"fullName":"agentic discovery eval rubric missing theme recall penalty treats recall as 1 when gold themes list is empty","status":"passed","title":"treats recall as 1 when gold themes list is empty","duration":0.6658749999999145,"failureMessages":[],"meta":{}},{"ancestorTitles":["agentic discovery eval rubric","stacked penalties"],"fullName":"agentic discovery eval rubric stacked penalties compounds sentiment and theme penalties together","status":"passed","title":"compounds sentiment and theme penalties together","duration":0.20804100000009385,"failureMessages":[],"meta":{}},{"ancestorTitles":["agentic discovery eval rubric","report includes penalty fields"],"fullName":"agentic discovery eval rubric report includes penalty fields exposes themeRecall and penalty flags in all case scores","status":"passed","title":"exposes themeRecall and penalty flags in all case scores","duration":3.1087079999999787,"failureMessages":[],"meta":{}},{"ancestorTitles":["agentic discovery eval rubric","report includes penalty fields"],"fullName":"agentic discovery eval rubric report includes penalty fields applies no penalties on benchmark cases where sentiment and recall are perfect","status":"passed","title":"applies no penalties on benchmark cases where sentiment and recall are perfect","duration":2.1363329999999223,"failureMessages":[],"meta":{}}],"startTime":1772531662889,"endTime":1772531662902.1362,"status":"passed","message":"","name":"/Users/andrewhall/Dream_discovery/__tests__/agentic/discovery-rubric.test.ts"},{"assertionResults":[{"ancestorTitles":["agentic sales eval rubric"],"fullName":"agentic sales eval rubric scores the current benchmark above the regression threshold","status":"passed","title":"scores the current benchmark above the regression threshold","duration":1.446042000000034,"failureMessages":[],"meta":{}},{"ancestorTitles":["agentic sales eval rubric"],"fullName":"agentic sales eval rubric keeps intent matching strict for all benchmark cases","status":"passed","title":"keeps intent matching strict for all benchmark cases","duration":1.7398329999998623,"failureMessages":[],"meta":{}},{"ancestorTitles":["agentic sales eval rubric"],"fullName":"agentic sales eval rubric keeps sentiment matching strict for all benchmark cases","status":"passed","title":"keeps sentiment matching strict for all benchmark cases","duration":0.36599999999998545,"failureMessages":[],"meta":{}},{"ancestorTitles":["agentic sales eval rubric","intent mismatch penalty"],"fullName":"agentic sales eval rubric intent mismatch penalty applies a 0.5x multiplier when intent is wrong","status":"passed","title":"applies a 0.5x multiplier when intent is wrong","duration":0.2369579999999587,"failureMessages":[],"meta":{}},{"ancestorTitles":["agentic sales eval rubric","intent mismatch penalty"],"fullName":"agentic sales eval rubric intent mismatch penalty caps score well below threshold even with everything else correct","status":"passed","title":"caps score well below threshold even with everything else correct","duration":0.7302910000000793,"failureMessages":[],"meta":{}},{"ancestorTitles":["agentic sales eval rubric","missing topic recall penalty"],"fullName":"agentic sales eval rubric missing topic recall penalty applies no penalty when all gold topics are present in prediction","status":"passed","title":"applies no penalty when all gold topics are present in prediction","duration":0.13508299999989504,"failureMessages":[],"meta":{}},{"ancestorTitles":["agentic sales eval rubric","missing topic recall penalty"],"fullName":"agentic sales eval rubric missing topic recall penalty penalizes when prediction misses a gold topic","status":"passed","title":"penalizes when prediction misses a gold topic","duration":0.134708000000046,"failureMessages":[],"meta":{}},{"ancestorTitles":["agentic sales eval rubric","missing topic recall penalty"],"fullName":"agentic sales eval rubric missing topic recall penalty applies maximum penalty when all gold topics are missing","status":"passed","title":"applies maximum penalty when all gold topics are missing","duration":0.06445800000005875,"failureMessages":[],"meta":{}},{"ancestorTitles":["agentic sales eval rubric","coaching scoring"],"fullName":"agentic sales eval rubric coaching scoring scores 1.0 when triggered and priority both match","status":"passed","title":"scores 1.0 when triggered and priority both match","duration":0.7315000000000964,"failureMessages":[],"meta":{}},{"ancestorTitles":["agentic sales eval rubric","coaching scoring"],"fullName":"agentic sales eval rubric coaching scoring scores 0.5 when triggered correctly but priority differs","status":"passed","title":"scores 0.5 when triggered correctly but priority differs","duration":0.15754200000014862,"failureMessages":[],"meta":{}},{"ancestorTitles":["agentic sales eval rubric","coaching scoring"],"fullName":"agentic sales eval rubric coaching scoring scores 0 when coaching expected but not triggered","status":"passed","title":"scores 0 when coaching expected but not triggered","duration":0.055957999999918684,"failureMessages":[],"meta":{}},{"ancestorTitles":["agentic sales eval rubric","coaching scoring"],"fullName":"agentic sales eval rubric coaching scoring scores 0.5 for false positive coaching (over-triggered)","status":"passed","title":"scores 0.5 for false positive coaching (over-triggered)","duration":0.04345899999998437,"failureMessages":[],"meta":{}},{"ancestorTitles":["agentic sales eval rubric","coaching scoring"],"fullName":"agentic sales eval rubric coaching scoring scores 1.0 when both agree no coaching needed","status":"passed","title":"scores 1.0 when both agree no coaching needed","duration":0.03704199999992852,"failureMessages":[],"meta":{}},{"ancestorTitles":["agentic sales eval rubric","stacked penalties"],"fullName":"agentic sales eval rubric stacked penalties compounds intent and topic penalties together","status":"passed","title":"compounds intent and topic penalties together","duration":0.29920900000001893,"failureMessages":[],"meta":{}},{"ancestorTitles":["agentic sales eval rubric","report structure"],"fullName":"agentic sales eval rubric report structure exposes all scoring fields in case scores","status":"passed","title":"exposes all scoring fields in case scores","duration":1.9487080000001242,"failureMessages":[],"meta":{}},{"ancestorTitles":["agentic sales eval rubric","report structure"],"fullName":"agentic sales eval rubric report structure applies no penalties on benchmark cases","status":"passed","title":"applies no penalties on benchmark cases","duration":0.4624579999999696,"failureMessages":[],"meta":{}},{"ancestorTitles":["agentic sales eval rubric","edge cases"],"fullName":"agentic sales eval rubric edge cases returns score 0 and fail for empty case list","status":"passed","title":"returns score 0 and fail for empty case list","duration":0.42916700000000674,"failureMessages":[],"meta":{}}],"startTime":1772531662814,"endTime":1772531662823.4624,"status":"passed","message":"","name":"/Users/andrewhall/Dream_discovery/__tests__/agentic/sales-rubric.test.ts"},{"assertionResults":[{"ancestorTitles":["Security Regression Smoke Tests (Remediation #9)","validateWorkshopAccess: cross-org isolation"],"fullName":"Security Regression Smoke Tests (Remediation #9) validateWorkshopAccess: cross-org isolation PLATFORM_ADMIN can access any workshop","status":"passed","title":"PLATFORM_ADMIN can access any workshop","duration":2.0011249999997744,"failureMessages":[],"meta":{}},{"ancestorTitles":["Security Regression Smoke Tests (Remediation #9)","validateWorkshopAccess: cross-org isolation"],"fullName":"Security Regression Smoke Tests (Remediation #9) validateWorkshopAccess: cross-org isolation TENANT_ADMIN can access workshop in own org","status":"passed","title":"TENANT_ADMIN can access workshop in own org","duration":0.33045799999990777,"failureMessages":[],"meta":{}},{"ancestorTitles":["Security Regression Smoke Tests (Remediation #9)","validateWorkshopAccess: cross-org isolation"],"fullName":"Security Regression Smoke Tests (Remediation #9) validateWorkshopAccess: cross-org isolation TENANT_ADMIN blocked from cross-org workshop","status":"passed","title":"TENANT_ADMIN blocked from cross-org workshop","duration":0.17324999999982538,"failureMessages":[],"meta":{}},{"ancestorTitles":["Security Regression Smoke Tests (Remediation #9)","validateWorkshopAccess: cross-org isolation"],"fullName":"Security Regression Smoke Tests (Remediation #9) validateWorkshopAccess: cross-org isolation TENANT_USER can access own workshop in own org","status":"passed","title":"TENANT_USER can access own workshop in own org","duration":0.0902499999997417,"failureMessages":[],"meta":{}},{"ancestorTitles":["Security Regression Smoke Tests (Remediation #9)","validateWorkshopAccess: cross-org isolation"],"fullName":"Security Regression Smoke Tests (Remediation #9) validateWorkshopAccess: cross-org isolation TENANT_USER blocked from workshop they do not own (same org)","status":"passed","title":"TENANT_USER blocked from workshop they do not own (same org)","duration":0.17200000000002547,"failureMessages":[],"meta":{}},{"ancestorTitles":["Security Regression Smoke Tests (Remediation #9)","validateWorkshopAccess: cross-org isolation"],"fullName":"Security Regression Smoke Tests (Remediation #9) validateWorkshopAccess: cross-org isolation TENANT_USER blocked from cross-org workshop","status":"passed","title":"TENANT_USER blocked from cross-org workshop","duration":0.10566700000026685,"failureMessages":[],"meta":{}},{"ancestorTitles":["Security Regression Smoke Tests (Remediation #9)","validateWorkshopAccess: cross-org isolation"],"fullName":"Security Regression Smoke Tests (Remediation #9) validateWorkshopAccess: cross-org isolation returns not found for non-existent workshop","status":"passed","title":"returns not found for non-existent workshop","duration":0.13487499999973807,"failureMessages":[],"meta":{}},{"ancestorTitles":["Security Regression Smoke Tests (Remediation #9)","validateWorkshopAccess: cross-org isolation"],"fullName":"Security Regression Smoke Tests (Remediation #9) validateWorkshopAccess: cross-org isolation rejects unknown role","status":"passed","title":"rejects unknown role","duration":0.12399999999979627,"failureMessages":[],"meta":{}},{"ancestorTitles":["Security Regression Smoke Tests (Remediation #9)","validateParticipantAccess: cross-org isolation"],"fullName":"Security Regression Smoke Tests (Remediation #9) validateParticipantAccess: cross-org isolation grants access when participant workshop is in same org","status":"passed","title":"grants access when participant workshop is in same org","duration":0.31887500000038926,"failureMessages":[],"meta":{}},{"ancestorTitles":["Security Regression Smoke Tests (Remediation #9)","validateParticipantAccess: cross-org isolation"],"fullName":"Security Regression Smoke Tests (Remediation #9) validateParticipantAccess: cross-org isolation denies access when participant workshop is cross-org","status":"passed","title":"denies access when participant workshop is cross-org","duration":0.543250000000171,"failureMessages":[],"meta":{}},{"ancestorTitles":["Security Regression Smoke Tests (Remediation #9)","validateParticipantAccess: cross-org isolation"],"fullName":"Security Regression Smoke Tests (Remediation #9) validateParticipantAccess: cross-org isolation returns not found for non-existent participant","status":"passed","title":"returns not found for non-existent participant","duration":2.0298329999995985,"failureMessages":[],"meta":{}},{"ancestorTitles":["Security Regression Smoke Tests (Remediation #9)","withRateLimit wrapper: 429 enforcement"],"fullName":"Security Regression Smoke Tests (Remediation #9) withRateLimit wrapper: 429 enforcement returns 429 with Retry-After header when rate limit exceeded","status":"passed","title":"returns 429 with Retry-After header when rate limit exceeded","duration":17.743000000000393,"failureMessages":[],"meta":{}},{"ancestorTitles":["Security Regression Smoke Tests (Remediation #9)","withRateLimit wrapper: 429 enforcement"],"fullName":"Security Regression Smoke Tests (Remediation #9) withRateLimit wrapper: 429 enforcement passes through and adds rate limit headers when under limit","status":"passed","title":"passes through and adds rate limit headers when under limit","duration":3.7519999999999527,"failureMessages":[],"meta":{}},{"ancestorTitles":["Security Regression Smoke Tests (Remediation #9)","withRateLimit wrapper: 429 enforcement"],"fullName":"Security Regression Smoke Tests (Remediation #9) withRateLimit wrapper: 429 enforcement uses auth limiter with tighter limit for auth type","status":"passed","title":"uses auth limiter with tighter limit for auth type","duration":7.1567079999999805,"failureMessages":[],"meta":{}},{"ancestorTitles":["Security Regression Smoke Tests (Remediation #9)","withRateLimit wrapper: 429 enforcement"],"fullName":"Security Regression Smoke Tests (Remediation #9) withRateLimit wrapper: 429 enforcement uses strict limiter with medium limit for strict type","status":"passed","title":"uses strict limiter with medium limit for strict type","duration":1.1553329999997004,"failureMessages":[],"meta":{}}],"startTime":1772531662849,"endTime":1772531662885.1553,"status":"passed","message":"","name":"/Users/andrewhall/Dream_discovery/__tests__/security/security-regression-smoke.test.ts"},{"assertionResults":[{"ancestorTitles":["GET /api/conversation/report"],"fullName":"GET /api/conversation/report rejects requests with no auth (no token, no admin cookie)","status":"passed","title":"rejects requests with no auth (no token, no admin cookie)","duration":14.277458000000024,"failureMessages":[],"meta":{}},{"ancestorTitles":["GET /api/conversation/report"],"fullName":"GET /api/conversation/report rejects when participant token does not match session owner","status":"passed","title":"rejects when participant token does not match session owner","duration":2.7334999999998217,"failureMessages":[],"meta":{}},{"ancestorTitles":["GET /api/conversation/report"],"fullName":"GET /api/conversation/report allows access with correct participant token (happy path)","status":"failed","title":"allows access with correct participant token (happy path)","duration":26.84866699999975,"failureMessages":["AssertionError: expected 500 to be 200 // Object.is equality\n    at /Users/andrewhall/Dream_discovery/__tests__/integration/auth-boundary-hardening.test.ts:156:36\n    at processTicksAndRejections (node:internal/process/task_queues:105:5)\n    at file:///Users/andrewhall/Dream_discovery/node_modules/@vitest/runner/dist/chunk-hooks.js:752:20"],"meta":{}},{"ancestorTitles":["GET /api/conversation/report"],"fullName":"GET /api/conversation/report allows access with admin cookie (no token needed)","status":"failed","title":"allows access with admin cookie (no token needed)","duration":6.749333000000206,"failureMessages":["AssertionError: expected 500 to be 200 // Object.is equality\n    at /Users/andrewhall/Dream_discovery/__tests__/integration/auth-boundary-hardening.test.ts:172:36\n    at processTicksAndRejections (node:internal/process/task_queues:105:5)\n    at file:///Users/andrewhall/Dream_discovery/node_modules/@vitest/runner/dist/chunk-hooks.js:752:20"],"meta":{}},{"ancestorTitles":["GET /api/conversation/report"],"fullName":"GET /api/conversation/report still allows demo mode without auth","status":"failed","title":"still allows demo mode without auth","duration":9.232542000000194,"failureMessages":["AssertionError: expected 500 to be 200 // Object.is equality\n    at /Users/andrewhall/Dream_discovery/__tests__/integration/auth-boundary-hardening.test.ts:185:36\n    at processTicksAndRejections (node:internal/process/task_queues:105:5)\n    at file:///Users/andrewhall/Dream_discovery/node_modules/@vitest/runner/dist/chunk-hooks.js:752:20"],"meta":{}},{"ancestorTitles":["POST /api/conversation/update-preferences"],"fullName":"POST /api/conversation/update-preferences rejects requests with no token","status":"passed","title":"rejects requests with no token","duration":3.733459000000039,"failureMessages":[],"meta":{}},{"ancestorTitles":["POST /api/conversation/update-preferences"],"fullName":"POST /api/conversation/update-preferences rejects when token does not match session owner","status":"passed","title":"rejects when token does not match session owner","duration":4.678457999999864,"failureMessages":[],"meta":{}},{"ancestorTitles":["POST /api/conversation/update-preferences"],"fullName":"POST /api/conversation/update-preferences allows update with correct token (happy path)","status":"passed","title":"allows update with correct token (happy path)","duration":3.4486660000002303,"failureMessages":[],"meta":{}},{"ancestorTitles":["GET /api/test-email"],"fullName":"GET /api/test-email rejects unauthenticated requests","status":"passed","title":"rejects unauthenticated requests","duration":4.6206670000001395,"failureMessages":[],"meta":{}},{"ancestorTitles":["GET /api/test-email"],"fullName":"GET /api/test-email rejects non-admin authenticated users","status":"passed","title":"rejects non-admin authenticated users","duration":1.5574579999997695,"failureMessages":[],"meta":{}},{"ancestorTitles":["GET /api/test-email"],"fullName":"GET /api/test-email allows platform admin access (happy path)","status":"passed","title":"allows platform admin access (happy path)","duration":1.1739579999998568,"failureMessages":[],"meta":{}}],"startTime":1772531661125,"endTime":1772531661205.174,"status":"failed","message":"","name":"/Users/andrewhall/Dream_discovery/__tests__/integration/auth-boundary-hardening.test.ts"},{"assertionResults":[{"ancestorTitles":["Authentication Flow Integration Tests","POST /api/auth/login"],"fullName":"Authentication Flow Integration Tests POST /api/auth/login should successfully login with valid credentials","status":"failed","title":"should successfully login with valid credentials","duration":33.76795799999991,"failureMessages":["AssertionError: expected 500 to be 200 // Object.is equality\n    at /Users/andrewhall/Dream_discovery/__tests__/integration/auth-flow.test.ts:68:22\n    at processTicksAndRejections (node:internal/process/task_queues:105:5)\n    at file:///Users/andrewhall/Dream_discovery/node_modules/@vitest/runner/dist/chunk-hooks.js:752:20"],"meta":{}},{"ancestorTitles":["Authentication Flow Integration Tests","POST /api/auth/login"],"fullName":"Authentication Flow Integration Tests POST /api/auth/login should reject login with invalid password","status":"failed","title":"should reject login with invalid password","duration":5.706666999999925,"failureMessages":["AssertionError: expected 'Invalid email or password' to be 'Invalid credentials' // Object.is equality\n    at /Users/andrewhall/Dream_discovery/__tests__/integration/auth-flow.test.ts:139:26\n    at processTicksAndRejections (node:internal/process/task_queues:105:5)\n    at file:///Users/andrewhall/Dream_discovery/node_modules/@vitest/runner/dist/chunk-hooks.js:752:20"],"meta":{}},{"ancestorTitles":["Authentication Flow Integration Tests","POST /api/auth/login"],"fullName":"Authentication Flow Integration Tests POST /api/auth/login should reject login for non-existent user","status":"failed","title":"should reject login for non-existent user","duration":7.062667000000147,"failureMessages":["AssertionError: expected 'Invalid email or password' to be 'Invalid credentials' // Object.is equality\n    at /Users/andrewhall/Dream_discovery/__tests__/integration/auth-flow.test.ts:193:26\n    at processTicksAndRejections (node:internal/process/task_queues:105:5)\n    at file:///Users/andrewhall/Dream_discovery/node_modules/@vitest/runner/dist/chunk-hooks.js:752:20"],"meta":{}},{"ancestorTitles":["Authentication Flow Integration Tests","POST /api/auth/login"],"fullName":"Authentication Flow Integration Tests POST /api/auth/login should lock account after 5 failed login attempts","status":"failed","title":"should lock account after 5 failed login attempts","duration":1.8681660000002012,"failureMessages":["AssertionError: expected 429 to be 401 // Object.is equality\n    at /Users/andrewhall/Dream_discovery/__tests__/integration/auth-flow.test.ts:243:22\n    at processTicksAndRejections (node:internal/process/task_queues:105:5)\n    at file:///Users/andrewhall/Dream_discovery/node_modules/@vitest/runner/dist/chunk-hooks.js:752:20"],"meta":{}},{"ancestorTitles":["Authentication Flow Integration Tests","POST /api/auth/login"],"fullName":"Authentication Flow Integration Tests POST /api/auth/login should reject login for locked account","status":"failed","title":"should reject login for locked account","duration":4.986707999999908,"failureMessages":["AssertionError: expected 429 to be 403 // Object.is equality\n    at /Users/andrewhall/Dream_discovery/__tests__/integration/auth-flow.test.ts:294:22\n    at processTicksAndRejections (node:internal/process/task_queues:105:5)\n    at file:///Users/andrewhall/Dream_discovery/node_modules/@vitest/runner/dist/chunk-hooks.js:752:20"],"meta":{}},{"ancestorTitles":["Authentication Flow Integration Tests","POST /api/auth/login"],"fullName":"Authentication Flow Integration Tests POST /api/auth/login should allow login after lock period expires","status":"failed","title":"should allow login after lock period expires","duration":4.574125000000095,"failureMessages":["AssertionError: expected 500 to be 200 // Object.is equality\n    at /Users/andrewhall/Dream_discovery/__tests__/integration/auth-flow.test.ts:339:22\n    at processTicksAndRejections (node:internal/process/task_queues:105:5)\n    at file:///Users/andrewhall/Dream_discovery/node_modules/@vitest/runner/dist/chunk-hooks.js:752:20"],"meta":{}},{"ancestorTitles":["Authentication Flow Integration Tests","POST /api/auth/login"],"fullName":"Authentication Flow Integration Tests POST /api/auth/login should reject login with missing credentials","status":"passed","title":"should reject login with missing credentials","duration":4.038082999999915,"failureMessages":[],"meta":{}},{"ancestorTitles":["Authentication Flow Integration Tests","POST /api/auth/login"],"fullName":"Authentication Flow Integration Tests POST /api/auth/login should reject login with inactive user","status":"failed","title":"should reject login with inactive user","duration":1.6080000000001746,"failureMessages":["AssertionError: expected 401 to be 403 // Object.is equality\n    at /Users/andrewhall/Dream_discovery/__tests__/integration/auth-flow.test.ts:407:22\n    at processTicksAndRejections (node:internal/process/task_queues:105:5)\n    at file:///Users/andrewhall/Dream_discovery/node_modules/@vitest/runner/dist/chunk-hooks.js:752:20"],"meta":{}},{"ancestorTitles":["Authentication Flow Integration Tests","POST /api/auth/logout"],"fullName":"Authentication Flow Integration Tests POST /api/auth/logout should successfully logout with valid session","status":"failed","title":"should successfully logout with valid session","duration":2.2754589999999553,"failureMessages":["TypeError: Cannot read properties of undefined (reading 'delete')\n    at Module.POST (/Users/andrewhall/Dream_discovery/app/api/auth/logout/route.ts:6:15)\n    at processTicksAndRejections (node:internal/process/task_queues:105:5)\n    at /Users/andrewhall/Dream_discovery/__tests__/integration/auth-flow.test.ts:430:24\n    at file:///Users/andrewhall/Dream_discovery/node_modules/@vitest/runner/dist/chunk-hooks.js:752:20"],"meta":{}},{"ancestorTitles":["Authentication Flow Integration Tests","POST /api/auth/logout"],"fullName":"Authentication Flow Integration Tests POST /api/auth/logout should handle logout with no session cookie","status":"failed","title":"should handle logout with no session cookie","duration":0.7217499999997017,"failureMessages":["TypeError: Cannot read properties of undefined (reading 'delete')\n    at Module.POST (/Users/andrewhall/Dream_discovery/app/api/auth/logout/route.ts:6:15)\n    at processTicksAndRejections (node:internal/process/task_queues:105:5)\n    at /Users/andrewhall/Dream_discovery/__tests__/integration/auth-flow.test.ts:450:24\n    at file:///Users/andrewhall/Dream_discovery/node_modules/@vitest/runner/dist/chunk-hooks.js:752:20"],"meta":{}},{"ancestorTitles":["Authentication Flow Integration Tests","POST /api/auth/logout"],"fullName":"Authentication Flow Integration Tests POST /api/auth/logout should handle logout with invalid session","status":"failed","title":"should handle logout with invalid session","duration":1.6911250000002838,"failureMessages":["TypeError: Cannot read properties of undefined (reading 'delete')\n    at Module.POST (/Users/andrewhall/Dream_discovery/app/api/auth/logout/route.ts:6:15)\n    at processTicksAndRejections (node:internal/process/task_queues:105:5)\n    at /Users/andrewhall/Dream_discovery/__tests__/integration/auth-flow.test.ts:475:24\n    at file:///Users/andrewhall/Dream_discovery/node_modules/@vitest/runner/dist/chunk-hooks.js:752:20"],"meta":{}},{"ancestorTitles":["Authentication Flow Integration Tests","Session Validation Middleware"],"fullName":"Authentication Flow Integration Tests Session Validation Middleware should validate valid JWT session token","status":"passed","title":"should validate valid JWT session token","duration":1.1150000000002365,"failureMessages":[],"meta":{}},{"ancestorTitles":["Authentication Flow Integration Tests","Session Validation Middleware"],"fullName":"Authentication Flow Integration Tests Session Validation Middleware should reject expired JWT session token","status":"passed","title":"should reject expired JWT session token","duration":0.15504199999986668,"failureMessages":[],"meta":{}},{"ancestorTitles":["Authentication Flow Integration Tests","Session Validation Middleware"],"fullName":"Authentication Flow Integration Tests Session Validation Middleware should reject malformed JWT session token","status":"passed","title":"should reject malformed JWT session token","duration":0.15124999999989086,"failureMessages":[],"meta":{}}],"startTime":1772531661206,"endTime":1772531661276.155,"status":"failed","message":"","name":"/Users/andrewhall/Dream_discovery/__tests__/integration/auth-flow.test.ts"},{"assertionResults":[{"ancestorTitles":["Cron Secret Fail-Closed (Remediation #5)","GET /api/cron/check-security"],"fullName":"Cron Secret Fail-Closed (Remediation #5) GET /api/cron/check-security rejects when CRON_SECRET env var is missing","status":"passed","title":"rejects when CRON_SECRET env var is missing","duration":5.173874999999953,"failureMessages":[],"meta":{}},{"ancestorTitles":["Cron Secret Fail-Closed (Remediation #5)","GET /api/cron/check-security"],"fullName":"Cron Secret Fail-Closed (Remediation #5) GET /api/cron/check-security rejects when CRON_SECRET is empty string","status":"passed","title":"rejects when CRON_SECRET is empty string","duration":0.5242080000000442,"failureMessages":[],"meta":{}},{"ancestorTitles":["Cron Secret Fail-Closed (Remediation #5)","GET /api/cron/check-security"],"fullName":"Cron Secret Fail-Closed (Remediation #5) GET /api/cron/check-security rejects when Bearer token is wrong","status":"passed","title":"rejects when Bearer token is wrong","duration":0.5341249999999036,"failureMessages":[],"meta":{}},{"ancestorTitles":["Cron Secret Fail-Closed (Remediation #5)","GET /api/cron/check-security"],"fullName":"Cron Secret Fail-Closed (Remediation #5) GET /api/cron/check-security rejects when no Authorization header is provided","status":"passed","title":"rejects when no Authorization header is provided","duration":0.4966669999998885,"failureMessages":[],"meta":{}},{"ancestorTitles":["Cron Secret Fail-Closed (Remediation #5)","GET /api/cron/check-security"],"fullName":"Cron Secret Fail-Closed (Remediation #5) GET /api/cron/check-security succeeds with correct Bearer token","status":"passed","title":"succeeds with correct Bearer token","duration":1.3385829999999714,"failureMessages":[],"meta":{}},{"ancestorTitles":["Cron Secret Fail-Closed (Remediation #5)","GET /api/cron/check-security"],"fullName":"Cron Secret Fail-Closed (Remediation #5) GET /api/cron/check-security POST also works with correct token (manual trigger)","status":"passed","title":"POST also works with correct token (manual trigger)","duration":0.4425420000000031,"failureMessages":[],"meta":{}},{"ancestorTitles":["Cron Secret Fail-Closed (Remediation #5)","GET /api/cron/check-security"],"fullName":"Cron Secret Fail-Closed (Remediation #5) GET /api/cron/check-security no longer accepts the old hardcoded fallback token","status":"passed","title":"no longer accepts the old hardcoded fallback token","duration":0.26587500000005093,"failureMessages":[],"meta":{}},{"ancestorTitles":["Cron Secret Fail-Closed (Remediation #5)","GET /api/cron/cleanup-sessions"],"fullName":"Cron Secret Fail-Closed (Remediation #5) GET /api/cron/cleanup-sessions rejects when CRON_SECRET env var is missing","status":"passed","title":"rejects when CRON_SECRET env var is missing","duration":0.23862499999995634,"failureMessages":[],"meta":{}},{"ancestorTitles":["Cron Secret Fail-Closed (Remediation #5)","GET /api/cron/cleanup-sessions"],"fullName":"Cron Secret Fail-Closed (Remediation #5) GET /api/cron/cleanup-sessions rejects when Bearer token is wrong","status":"passed","title":"rejects when Bearer token is wrong","duration":0.4345419999999649,"failureMessages":[],"meta":{}},{"ancestorTitles":["Cron Secret Fail-Closed (Remediation #5)","GET /api/cron/cleanup-sessions"],"fullName":"Cron Secret Fail-Closed (Remediation #5) GET /api/cron/cleanup-sessions succeeds with correct Bearer token","status":"passed","title":"succeeds with correct Bearer token","duration":1.9497080000001006,"failureMessages":[],"meta":{}}],"startTime":1772531662893,"endTime":1772531662904.9497,"status":"passed","message":"","name":"/Users/andrewhall/Dream_discovery/__tests__/integration/cron-secret-fail-closed.test.ts"},{"assertionResults":[{"ancestorTitles":["GDPR Data Deletion Integration Tests","POST /api/gdpr/delete - Request Deletion"],"fullName":"GDPR Data Deletion Integration Tests POST /api/gdpr/delete - Request Deletion should generate confirmation token for valid deletion request","status":"failed","title":"should generate confirmation token for valid deletion request","duration":9.003291999999874,"failureMessages":["TypeError: Cannot read properties of undefined (reading 'mockResolvedValue')\n    at /Users/andrewhall/Dream_discovery/__tests__/integration/gdpr-delete.test.ts:57:34\n    at file:///Users/andrewhall/Dream_discovery/node_modules/@vitest/runner/dist/chunk-hooks.js:155:11\n    at file:///Users/andrewhall/Dream_discovery/node_modules/@vitest/runner/dist/chunk-hooks.js:752:26\n    at file:///Users/andrewhall/Dream_discovery/node_modules/@vitest/runner/dist/chunk-hooks.js:1897:20\n    at new Promise (<anonymous>)\n    at runWithTimeout (file:///Users/andrewhall/Dream_discovery/node_modules/@vitest/runner/dist/chunk-hooks.js:1863:10)\n    at runTest (file:///Users/andrewhall/Dream_discovery/node_modules/@vitest/runner/dist/chunk-hooks.js:1574:12)\n    at processTicksAndRejections (node:internal/process/task_queues:105:5)\n    at runSuite (file:///Users/andrewhall/Dream_discovery/node_modules/@vitest/runner/dist/chunk-hooks.js:1729:8)\n    at runSuite (file:///Users/andrewhall/Dream_discovery/node_modules/@vitest/runner/dist/chunk-hooks.js:1729:8)"],"meta":{}},{"ancestorTitles":["GDPR Data Deletion Integration Tests","POST /api/gdpr/delete - Request Deletion"],"fullName":"GDPR Data Deletion Integration Tests POST /api/gdpr/delete - Request Deletion should reject deletion request with invalid authentication","status":"failed","title":"should reject deletion request with invalid authentication","duration":24.529457999999977,"failureMessages":["AssertionError: expected 500 to be 401 // Object.is equality\n    at /Users/andrewhall/Dream_discovery/__tests__/integration/gdpr-delete.test.ts:134:22\n    at processTicksAndRejections (node:internal/process/task_queues:105:5)\n    at file:///Users/andrewhall/Dream_discovery/node_modules/@vitest/runner/dist/chunk-hooks.js:752:20"],"meta":{}},{"ancestorTitles":["GDPR Data Deletion Integration Tests","POST /api/gdpr/delete - Request Deletion"],"fullName":"GDPR Data Deletion Integration Tests POST /api/gdpr/delete - Request Deletion should enforce rate limiting (3 requests per 15 minutes)","status":"failed","title":"should enforce rate limiting (3 requests per 15 minutes)","duration":8.989958999999999,"failureMessages":["AssertionError: expected 500 to be 429 // Object.is equality\n    at /Users/andrewhall/Dream_discovery/__tests__/integration/gdpr-delete.test.ts:168:22\n    at processTicksAndRejections (node:internal/process/task_queues:105:5)\n    at file:///Users/andrewhall/Dream_discovery/node_modules/@vitest/runner/dist/chunk-hooks.js:752:20"],"meta":{}},{"ancestorTitles":["GDPR Data Deletion Integration Tests","POST /api/gdpr/delete - Confirm Deletion"],"fullName":"GDPR Data Deletion Integration Tests POST /api/gdpr/delete - Confirm Deletion should successfully delete all participant data with valid confirmation","status":"failed","title":"should successfully delete all participant data with valid confirmation","duration":4.073999999999614,"failureMessages":["TypeError: Cannot read properties of undefined (reading 'mockResolvedValue')\n    at /Users/andrewhall/Dream_discovery/__tests__/integration/gdpr-delete.test.ts:201:49\n    at file:///Users/andrewhall/Dream_discovery/node_modules/@vitest/runner/dist/chunk-hooks.js:155:11\n    at file:///Users/andrewhall/Dream_discovery/node_modules/@vitest/runner/dist/chunk-hooks.js:752:26\n    at file:///Users/andrewhall/Dream_discovery/node_modules/@vitest/runner/dist/chunk-hooks.js:1897:20\n    at new Promise (<anonymous>)\n    at runWithTimeout (file:///Users/andrewhall/Dream_discovery/node_modules/@vitest/runner/dist/chunk-hooks.js:1863:10)\n    at runTest (file:///Users/andrewhall/Dream_discovery/node_modules/@vitest/runner/dist/chunk-hooks.js:1574:12)\n    at processTicksAndRejections (node:internal/process/task_queues:105:5)\n    at runSuite (file:///Users/andrewhall/Dream_discovery/node_modules/@vitest/runner/dist/chunk-hooks.js:1729:8)\n    at runSuite (file:///Users/andrewhall/Dream_discovery/node_modules/@vitest/runner/dist/chunk-hooks.js:1729:8)"],"meta":{}},{"ancestorTitles":["GDPR Data Deletion Integration Tests","POST /api/gdpr/delete - Confirm Deletion"],"fullName":"GDPR Data Deletion Integration Tests POST /api/gdpr/delete - Confirm Deletion should reject deletion with invalid confirmation token","status":"failed","title":"should reject deletion with invalid confirmation token","duration":2.8580840000004173,"failureMessages":["AssertionError: expected 500 to be 401 // Object.is equality\n    at /Users/andrewhall/Dream_discovery/__tests__/integration/gdpr-delete.test.ts:300:22\n    at processTicksAndRejections (node:internal/process/task_queues:105:5)\n    at file:///Users/andrewhall/Dream_discovery/node_modules/@vitest/runner/dist/chunk-hooks.js:752:20"],"meta":{}},{"ancestorTitles":["GDPR Data Deletion Integration Tests","POST /api/gdpr/delete - Confirm Deletion"],"fullName":"GDPR Data Deletion Integration Tests POST /api/gdpr/delete - Confirm Deletion should reject expired confirmation token (30 minutes)","status":"failed","title":"should reject expired confirmation token (30 minutes)","duration":2.178625000000011,"failureMessages":["AssertionError: expected 500 to be 401 // Object.is equality\n    at /Users/andrewhall/Dream_discovery/__tests__/integration/gdpr-delete.test.ts:341:22\n    at processTicksAndRejections (node:internal/process/task_queues:105:5)\n    at file:///Users/andrewhall/Dream_discovery/node_modules/@vitest/runner/dist/chunk-hooks.js:752:20"],"meta":{}},{"ancestorTitles":["GDPR Data Deletion Integration Tests","POST /api/gdpr/delete - Confirm Deletion"],"fullName":"GDPR Data Deletion Integration Tests POST /api/gdpr/delete - Confirm Deletion should reject deletion without confirmation token","status":"failed","title":"should reject deletion without confirmation token","duration":3.9539589999999407,"failureMessages":["AssertionError: expected 500 to be 400 // Object.is equality\n    at /Users/andrewhall/Dream_discovery/__tests__/integration/gdpr-delete.test.ts:380:22\n    at processTicksAndRejections (node:internal/process/task_queues:105:5)\n    at file:///Users/andrewhall/Dream_discovery/node_modules/@vitest/runner/dist/chunk-hooks.js:752:20"],"meta":{}},{"ancestorTitles":["GDPR Data Deletion Integration Tests","POST /api/gdpr/delete - Confirm Deletion"],"fullName":"GDPR Data Deletion Integration Tests POST /api/gdpr/delete - Confirm Deletion should handle cascade deletion errors gracefully","status":"failed","title":"should handle cascade deletion errors gracefully","duration":6.447791999999936,"failureMessages":["AssertionError: expected 'Failed to delete data' to contain 'Internal server error'\n    at /Users/andrewhall/Dream_discovery/__tests__/integration/gdpr-delete.test.ts:427:26\n    at processTicksAndRejections (node:internal/process/task_queues:105:5)\n    at file:///Users/andrewhall/Dream_discovery/node_modules/@vitest/runner/dist/chunk-hooks.js:752:20"],"meta":{}},{"ancestorTitles":["GDPR Data Deletion Integration Tests","POST /api/gdpr/delete - Confirm Deletion"],"fullName":"GDPR Data Deletion Integration Tests POST /api/gdpr/delete - Confirm Deletion should preserve audit trail after deletion","status":"failed","title":"should preserve audit trail after deletion","duration":5.274832999999944,"failureMessages":["TypeError: Cannot read properties of undefined (reading 'mockResolvedValue')\n    at /Users/andrewhall/Dream_discovery/__tests__/integration/gdpr-delete.test.ts:445:49\n    at file:///Users/andrewhall/Dream_discovery/node_modules/@vitest/runner/dist/chunk-hooks.js:155:11\n    at file:///Users/andrewhall/Dream_discovery/node_modules/@vitest/runner/dist/chunk-hooks.js:752:26\n    at file:///Users/andrewhall/Dream_discovery/node_modules/@vitest/runner/dist/chunk-hooks.js:1897:20\n    at new Promise (<anonymous>)\n    at runWithTimeout (file:///Users/andrewhall/Dream_discovery/node_modules/@vitest/runner/dist/chunk-hooks.js:1863:10)\n    at runTest (file:///Users/andrewhall/Dream_discovery/node_modules/@vitest/runner/dist/chunk-hooks.js:1574:12)\n    at processTicksAndRejections (node:internal/process/task_queues:105:5)\n    at runSuite (file:///Users/andrewhall/Dream_discovery/node_modules/@vitest/runner/dist/chunk-hooks.js:1729:8)\n    at runSuite (file:///Users/andrewhall/Dream_discovery/node_modules/@vitest/runner/dist/chunk-hooks.js:1729:8)"],"meta":{}},{"ancestorTitles":["GDPR Data Deletion Integration Tests","POST /api/gdpr/delete - Confirm Deletion"],"fullName":"GDPR Data Deletion Integration Tests POST /api/gdpr/delete - Confirm Deletion should handle multiple sessions for same participant","status":"failed","title":"should handle multiple sessions for same participant","duration":1.0805420000001504,"failureMessages":["TypeError: Cannot read properties of undefined (reading 'mockResolvedValue')\n    at /Users/andrewhall/Dream_discovery/__tests__/integration/gdpr-delete.test.ts:519:49\n    at file:///Users/andrewhall/Dream_discovery/node_modules/@vitest/runner/dist/chunk-hooks.js:155:11\n    at file:///Users/andrewhall/Dream_discovery/node_modules/@vitest/runner/dist/chunk-hooks.js:752:26\n    at file:///Users/andrewhall/Dream_discovery/node_modules/@vitest/runner/dist/chunk-hooks.js:1897:20\n    at new Promise (<anonymous>)\n    at runWithTimeout (file:///Users/andrewhall/Dream_discovery/node_modules/@vitest/runner/dist/chunk-hooks.js:1863:10)\n    at runTest (file:///Users/andrewhall/Dream_discovery/node_modules/@vitest/runner/dist/chunk-hooks.js:1574:12)\n    at processTicksAndRejections (node:internal/process/task_queues:105:5)\n    at runSuite (file:///Users/andrewhall/Dream_discovery/node_modules/@vitest/runner/dist/chunk-hooks.js:1729:8)\n    at runSuite (file:///Users/andrewhall/Dream_discovery/node_modules/@vitest/runner/dist/chunk-hooks.js:1729:8)"],"meta":{}},{"ancestorTitles":["GDPR Data Deletion Integration Tests","POST /api/gdpr/delete - Confirm Deletion"],"fullName":"GDPR Data Deletion Integration Tests POST /api/gdpr/delete - Confirm Deletion should reject deletion twice (idempotency check)","status":"failed","title":"should reject deletion twice (idempotency check)","duration":2.8547080000003007,"failureMessages":["AssertionError: expected 500 to be 401 // Object.is equality\n    at /Users/andrewhall/Dream_discovery/__tests__/integration/gdpr-delete.test.ts:586:22\n    at processTicksAndRejections (node:internal/process/task_queues:105:5)\n    at file:///Users/andrewhall/Dream_discovery/node_modules/@vitest/runner/dist/chunk-hooks.js:752:20"],"meta":{}},{"ancestorTitles":["GDPR Data Deletion Integration Tests","GDPR Compliance Verification"],"fullName":"GDPR Data Deletion Integration Tests GDPR Compliance Verification should delete all 8 data categories required by Article 17","status":"failed","title":"should delete all 8 data categories required by Article 17","duration":0.43487499999991996,"failureMessages":["TypeError: Cannot read properties of undefined (reading 'mockResolvedValue')\n    at /Users/andrewhall/Dream_discovery/__tests__/integration/gdpr-delete.test.ts:610:49\n    at file:///Users/andrewhall/Dream_discovery/node_modules/@vitest/runner/dist/chunk-hooks.js:155:11\n    at file:///Users/andrewhall/Dream_discovery/node_modules/@vitest/runner/dist/chunk-hooks.js:752:26\n    at file:///Users/andrewhall/Dream_discovery/node_modules/@vitest/runner/dist/chunk-hooks.js:1897:20\n    at new Promise (<anonymous>)\n    at runWithTimeout (file:///Users/andrewhall/Dream_discovery/node_modules/@vitest/runner/dist/chunk-hooks.js:1863:10)\n    at runTest (file:///Users/andrewhall/Dream_discovery/node_modules/@vitest/runner/dist/chunk-hooks.js:1574:12)\n    at processTicksAndRejections (node:internal/process/task_queues:105:5)\n    at runSuite (file:///Users/andrewhall/Dream_discovery/node_modules/@vitest/runner/dist/chunk-hooks.js:1729:8)\n    at runSuite (file:///Users/andrewhall/Dream_discovery/node_modules/@vitest/runner/dist/chunk-hooks.js:1729:8)"],"meta":{}}],"startTime":1772531661012,"endTime":1772531661085.4348,"status":"failed","message":"","name":"/Users/andrewhall/Dream_discovery/__tests__/integration/gdpr-delete.test.ts"},{"assertionResults":[{"ancestorTitles":["GDPR Data Export Integration Tests","POST /api/gdpr/export"],"fullName":"GDPR Data Export Integration Tests POST /api/gdpr/export should successfully export participant data with valid authentication","status":"failed","title":"should successfully export participant data with valid authentication","duration":9.865457999999762,"failureMessages":["TypeError: Cannot read properties of undefined (reading 'findMany')\n    at /Users/andrewhall/Dream_discovery/__tests__/integration/gdpr-export.test.ts:69:38\n    at file:///Users/andrewhall/Dream_discovery/node_modules/@vitest/runner/dist/chunk-hooks.js:155:11\n    at file:///Users/andrewhall/Dream_discovery/node_modules/@vitest/runner/dist/chunk-hooks.js:752:26\n    at file:///Users/andrewhall/Dream_discovery/node_modules/@vitest/runner/dist/chunk-hooks.js:1897:20\n    at new Promise (<anonymous>)\n    at runWithTimeout (file:///Users/andrewhall/Dream_discovery/node_modules/@vitest/runner/dist/chunk-hooks.js:1863:10)\n    at runTest (file:///Users/andrewhall/Dream_discovery/node_modules/@vitest/runner/dist/chunk-hooks.js:1574:12)\n    at processTicksAndRejections (node:internal/process/task_queues:105:5)\n    at runSuite (file:///Users/andrewhall/Dream_discovery/node_modules/@vitest/runner/dist/chunk-hooks.js:1729:8)\n    at runSuite (file:///Users/andrewhall/Dream_discovery/node_modules/@vitest/runner/dist/chunk-hooks.js:1729:8)"],"meta":{}},{"ancestorTitles":["GDPR Data Export Integration Tests","POST /api/gdpr/export"],"fullName":"GDPR Data Export Integration Tests POST /api/gdpr/export should reject export with invalid authentication token","status":"failed","title":"should reject export with invalid authentication token","duration":30.769000000000233,"failureMessages":["AssertionError: expected 500 to be 401 // Object.is equality\n    at /Users/andrewhall/Dream_discovery/__tests__/integration/gdpr-export.test.ts:169:22\n    at processTicksAndRejections (node:internal/process/task_queues:105:5)\n    at file:///Users/andrewhall/Dream_discovery/node_modules/@vitest/runner/dist/chunk-hooks.js:752:20"],"meta":{}},{"ancestorTitles":["GDPR Data Export Integration Tests","POST /api/gdpr/export"],"fullName":"GDPR Data Export Integration Tests POST /api/gdpr/export should reject export for non-existent participant","status":"failed","title":"should reject export for non-existent participant","duration":7.420999999999822,"failureMessages":["AssertionError: expected 500 to be 401 // Object.is equality\n    at /Users/andrewhall/Dream_discovery/__tests__/integration/gdpr-export.test.ts:197:22\n    at processTicksAndRejections (node:internal/process/task_queues:105:5)\n    at file:///Users/andrewhall/Dream_discovery/node_modules/@vitest/runner/dist/chunk-hooks.js:752:20"],"meta":{}},{"ancestorTitles":["GDPR Data Export Integration Tests","POST /api/gdpr/export"],"fullName":"GDPR Data Export Integration Tests POST /api/gdpr/export should enforce rate limiting (5 requests per 15 minutes)","status":"failed","title":"should enforce rate limiting (5 requests per 15 minutes)","duration":3.6332499999998618,"failureMessages":["AssertionError: expected 500 to be 429 // Object.is equality\n    at /Users/andrewhall/Dream_discovery/__tests__/integration/gdpr-export.test.ts:228:22\n    at processTicksAndRejections (node:internal/process/task_queues:105:5)\n    at file:///Users/andrewhall/Dream_discovery/node_modules/@vitest/runner/dist/chunk-hooks.js:752:20"],"meta":{}},{"ancestorTitles":["GDPR Data Export Integration Tests","POST /api/gdpr/export"],"fullName":"GDPR Data Export Integration Tests POST /api/gdpr/export should handle participant with no data","status":"failed","title":"should handle participant with no data","duration":1.5345409999999902,"failureMessages":["TypeError: Cannot read properties of undefined (reading 'findMany')\n    at /Users/andrewhall/Dream_discovery/__tests__/integration/gdpr-export.test.ts:254:38\n    at file:///Users/andrewhall/Dream_discovery/node_modules/@vitest/runner/dist/chunk-hooks.js:155:11\n    at file:///Users/andrewhall/Dream_discovery/node_modules/@vitest/runner/dist/chunk-hooks.js:752:26\n    at file:///Users/andrewhall/Dream_discovery/node_modules/@vitest/runner/dist/chunk-hooks.js:1897:20\n    at new Promise (<anonymous>)\n    at runWithTimeout (file:///Users/andrewhall/Dream_discovery/node_modules/@vitest/runner/dist/chunk-hooks.js:1863:10)\n    at runTest (file:///Users/andrewhall/Dream_discovery/node_modules/@vitest/runner/dist/chunk-hooks.js:1574:12)\n    at processTicksAndRejections (node:internal/process/task_queues:105:5)\n    at runSuite (file:///Users/andrewhall/Dream_discovery/node_modules/@vitest/runner/dist/chunk-hooks.js:1729:8)\n    at runSuite (file:///Users/andrewhall/Dream_discovery/node_modules/@vitest/runner/dist/chunk-hooks.js:1729:8)"],"meta":{}},{"ancestorTitles":["GDPR Data Export Integration Tests","POST /api/gdpr/export"],"fullName":"GDPR Data Export Integration Tests POST /api/gdpr/export should include consent records in export","status":"failed","title":"should include consent records in export","duration":0.9323330000001988,"failureMessages":["TypeError: Cannot read properties of undefined (reading 'findMany')\n    at /Users/andrewhall/Dream_discovery/__tests__/integration/gdpr-export.test.ts:304:38\n    at file:///Users/andrewhall/Dream_discovery/node_modules/@vitest/runner/dist/chunk-hooks.js:155:11\n    at file:///Users/andrewhall/Dream_discovery/node_modules/@vitest/runner/dist/chunk-hooks.js:752:26\n    at file:///Users/andrewhall/Dream_discovery/node_modules/@vitest/runner/dist/chunk-hooks.js:1897:20\n    at new Promise (<anonymous>)\n    at runWithTimeout (file:///Users/andrewhall/Dream_discovery/node_modules/@vitest/runner/dist/chunk-hooks.js:1863:10)\n    at runTest (file:///Users/andrewhall/Dream_discovery/node_modules/@vitest/runner/dist/chunk-hooks.js:1574:12)\n    at processTicksAndRejections (node:internal/process/task_queues:105:5)\n    at runSuite (file:///Users/andrewhall/Dream_discovery/node_modules/@vitest/runner/dist/chunk-hooks.js:1729:8)\n    at runSuite (file:///Users/andrewhall/Dream_discovery/node_modules/@vitest/runner/dist/chunk-hooks.js:1729:8)"],"meta":{}},{"ancestorTitles":["GDPR Data Export Integration Tests","POST /api/gdpr/export"],"fullName":"GDPR Data Export Integration Tests POST /api/gdpr/export should reject export with missing required fields","status":"passed","title":"should reject export with missing required fields","duration":3.4162499999997635,"failureMessages":[],"meta":{}},{"ancestorTitles":["GDPR Data Export Integration Tests","POST /api/gdpr/export"],"fullName":"GDPR Data Export Integration Tests POST /api/gdpr/export should sanitize sensitive data in export","status":"failed","title":"should sanitize sensitive data in export","duration":0.9618340000001808,"failureMessages":["TypeError: Cannot read properties of undefined (reading 'findMany')\n    at /Users/andrewhall/Dream_discovery/__tests__/integration/gdpr-export.test.ts:387:38\n    at file:///Users/andrewhall/Dream_discovery/node_modules/@vitest/runner/dist/chunk-hooks.js:155:11\n    at file:///Users/andrewhall/Dream_discovery/node_modules/@vitest/runner/dist/chunk-hooks.js:752:26\n    at file:///Users/andrewhall/Dream_discovery/node_modules/@vitest/runner/dist/chunk-hooks.js:1897:20\n    at new Promise (<anonymous>)\n    at runWithTimeout (file:///Users/andrewhall/Dream_discovery/node_modules/@vitest/runner/dist/chunk-hooks.js:1863:10)\n    at runTest (file:///Users/andrewhall/Dream_discovery/node_modules/@vitest/runner/dist/chunk-hooks.js:1574:12)\n    at processTicksAndRejections (node:internal/process/task_queues:105:5)\n    at runSuite (file:///Users/andrewhall/Dream_discovery/node_modules/@vitest/runner/dist/chunk-hooks.js:1729:8)\n    at runSuite (file:///Users/andrewhall/Dream_discovery/node_modules/@vitest/runner/dist/chunk-hooks.js:1729:8)"],"meta":{}},{"ancestorTitles":["GDPR Data Export Integration Tests","POST /api/gdpr/export"],"fullName":"GDPR Data Export Integration Tests POST /api/gdpr/export should handle database errors gracefully","status":"failed","title":"should handle database errors gracefully","duration":9.911167000000205,"failureMessages":["AssertionError: expected 'Failed to export data' to contain 'Internal server error'\n    at /Users/andrewhall/Dream_discovery/__tests__/integration/gdpr-export.test.ts:445:26\n    at processTicksAndRejections (node:internal/process/task_queues:105:5)\n    at file:///Users/andrewhall/Dream_discovery/node_modules/@vitest/runner/dist/chunk-hooks.js:752:20"],"meta":{}},{"ancestorTitles":["GDPR Data Export Integration Tests","POST /api/gdpr/export"],"fullName":"GDPR Data Export Integration Tests POST /api/gdpr/export should include export metadata (timestamp, format version)","status":"failed","title":"should include export metadata (timestamp, format version)","duration":3.3204580000001442,"failureMessages":["TypeError: Cannot read properties of undefined (reading 'findMany')\n    at /Users/andrewhall/Dream_discovery/__tests__/integration/gdpr-export.test.ts:464:38\n    at file:///Users/andrewhall/Dream_discovery/node_modules/@vitest/runner/dist/chunk-hooks.js:155:11\n    at file:///Users/andrewhall/Dream_discovery/node_modules/@vitest/runner/dist/chunk-hooks.js:752:26\n    at file:///Users/andrewhall/Dream_discovery/node_modules/@vitest/runner/dist/chunk-hooks.js:1897:20\n    at new Promise (<anonymous>)\n    at runWithTimeout (file:///Users/andrewhall/Dream_discovery/node_modules/@vitest/runner/dist/chunk-hooks.js:1863:10)\n    at runTest (file:///Users/andrewhall/Dream_discovery/node_modules/@vitest/runner/dist/chunk-hooks.js:1574:12)\n    at processTicksAndRejections (node:internal/process/task_queues:105:5)\n    at runSuite (file:///Users/andrewhall/Dream_discovery/node_modules/@vitest/runner/dist/chunk-hooks.js:1729:8)\n    at runSuite (file:///Users/andrewhall/Dream_discovery/node_modules/@vitest/runner/dist/chunk-hooks.js:1729:8)"],"meta":{}},{"ancestorTitles":["GDPR Data Export Integration Tests","GDPR Compliance Verification"],"fullName":"GDPR Data Export Integration Tests GDPR Compliance Verification should include all data categories required by Article 15","status":"failed","title":"should include all data categories required by Article 15","duration":0.37387500000022555,"failureMessages":["TypeError: Cannot read properties of undefined (reading 'findMany')\n    at /Users/andrewhall/Dream_discovery/__tests__/integration/gdpr-export.test.ts:516:38\n    at file:///Users/andrewhall/Dream_discovery/node_modules/@vitest/runner/dist/chunk-hooks.js:155:11\n    at file:///Users/andrewhall/Dream_discovery/node_modules/@vitest/runner/dist/chunk-hooks.js:752:26\n    at file:///Users/andrewhall/Dream_discovery/node_modules/@vitest/runner/dist/chunk-hooks.js:1897:20\n    at new Promise (<anonymous>)\n    at runWithTimeout (file:///Users/andrewhall/Dream_discovery/node_modules/@vitest/runner/dist/chunk-hooks.js:1863:10)\n    at runTest (file:///Users/andrewhall/Dream_discovery/node_modules/@vitest/runner/dist/chunk-hooks.js:1574:12)\n    at processTicksAndRejections (node:internal/process/task_queues:105:5)\n    at runSuite (file:///Users/andrewhall/Dream_discovery/node_modules/@vitest/runner/dist/chunk-hooks.js:1729:8)\n    at runSuite (file:///Users/andrewhall/Dream_discovery/node_modules/@vitest/runner/dist/chunk-hooks.js:1729:8)"],"meta":{}}],"startTime":1772531660961,"endTime":1772531661034.3738,"status":"failed","message":"","name":"/Users/andrewhall/Dream_discovery/__tests__/integration/gdpr-export.test.ts"},{"assertionResults":[{"ancestorTitles":["Invitation Batch Resilience (Remediation #6)","batch continues on individual failure"],"fullName":"Invitation Batch Resilience (Remediation #6) batch continues on individual failure one recipient failure does not stop others from receiving email","status":"passed","title":"one recipient failure does not stop others from receiving email","duration":46.415500000000065,"failureMessages":[],"meta":{}},{"ancestorTitles":["Invitation Batch Resilience (Remediation #6)","batch continues on individual failure"],"fullName":"Invitation Batch Resilience (Remediation #6) batch continues on individual failure first recipient failure does not abort the batch","status":"passed","title":"first recipient failure does not abort the batch","duration":7.416291999999885,"failureMessages":[],"meta":{}},{"ancestorTitles":["Invitation Batch Resilience (Remediation #6)","batch continues on individual failure"],"fullName":"Invitation Batch Resilience (Remediation #6) batch continues on individual failure all recipients fail gracefully without 500","status":"passed","title":"all recipients fail gracefully without 500","duration":8.251958000000286,"failureMessages":[],"meta":{}},{"ancestorTitles":["Invitation Batch Resilience (Remediation #6)","response includes full result matrix"],"fullName":"Invitation Batch Resilience (Remediation #6) response includes full result matrix each result entry has email, ok status, and error when failed","status":"passed","title":"each result entry has email, ok status, and error when failed","duration":12.39654100000007,"failureMessages":[],"meta":{}},{"ancestorTitles":["Invitation Batch Resilience (Remediation #6)","response includes full result matrix"],"fullName":"Invitation Batch Resilience (Remediation #6) response includes full result matrix all-success batch returns success: true with zero failures","status":"passed","title":"all-success batch returns success: true with zero failures","duration":10.993291000000227,"failureMessages":[],"meta":{}},{"ancestorTitles":["Invitation Batch Resilience (Remediation #6)","workshop status update"],"fullName":"Invitation Batch Resilience (Remediation #6) workshop status update updates workshop status when at least one email succeeds","status":"passed","title":"updates workshop status when at least one email succeeds","duration":9.069875000000138,"failureMessages":[],"meta":{}},{"ancestorTitles":["Invitation Batch Resilience (Remediation #6)","workshop status update"],"fullName":"Invitation Batch Resilience (Remediation #6) workshop status update does not update workshop status when all emails fail","status":"passed","title":"does not update workshop status when all emails fail","duration":4.611665999999786,"failureMessages":[],"meta":{}},{"ancestorTitles":["Invitation Batch Resilience (Remediation #6)","access control unchanged"],"fullName":"Invitation Batch Resilience (Remediation #6) access control unchanged rejects unauthenticated request","status":"passed","title":"rejects unauthenticated request","duration":0.33733299999994415,"failureMessages":[],"meta":{}}],"startTime":1772531660865,"endTime":1772531660965.3374,"status":"passed","message":"","name":"/Users/andrewhall/Dream_discovery/__tests__/integration/invitation-batch-resilience.test.ts"},{"assertionResults":[{"ancestorTitles":["Report Persistence/Reuse Consistency (Remediation #7)","first call generates and persists"],"fullName":"Report Persistence/Reuse Consistency (Remediation #7) first call generates and persists calls upsert with generated report + fingerprint on first call","status":"passed","title":"calls upsert with generated report + fingerprint on first call","duration":21.006208000000015,"failureMessages":[],"meta":{}},{"ancestorTitles":["Report Persistence/Reuse Consistency (Remediation #7)","second call with same inputs reuses"],"fullName":"Report Persistence/Reuse Consistency (Remediation #7) second call with same inputs reuses skips generation and upsert when fingerprint matches stored report","status":"passed","title":"skips generation and upsert when fingerprint matches stored report","duration":2.7513750000000528,"failureMessages":[],"meta":{}},{"ancestorTitles":["Report Persistence/Reuse Consistency (Remediation #7)","changed inputs regenerate"],"fullName":"Report Persistence/Reuse Consistency (Remediation #7) changed inputs regenerate regenerates when stored fingerprint does not match current inputs","status":"passed","title":"regenerates when stored fingerprint does not match current inputs","duration":0.8324999999999818,"failureMessages":[],"meta":{}},{"ancestorTitles":["Report Persistence/Reuse Consistency (Remediation #7)","force=1 bypasses reuse"],"fullName":"Report Persistence/Reuse Consistency (Remediation #7) force=1 bypasses reuse regenerates even when fingerprint matches if force=1","status":"passed","title":"regenerates even when fingerprint matches if force=1","duration":5.989624999999933,"failureMessages":[],"meta":{}},{"ancestorTitles":["Report Persistence/Reuse Consistency (Remediation #7)","persistence failure is non-fatal"],"fullName":"Report Persistence/Reuse Consistency (Remediation #7) persistence failure is non-fatal still returns the report even if upsert fails","status":"passed","title":"still returns the report even if upsert fails","duration":6.406208000000106,"failureMessages":[],"meta":{}}],"startTime":1772531662844,"endTime":1772531662881.4062,"status":"passed","message":"","name":"/Users/andrewhall/Dream_discovery/__tests__/integration/report-persistence-reuse.test.ts"},{"assertionResults":[{"ancestorTitles":["Session Revocation Model","verifySessionToken (JWT-only)"],"fullName":"Session Revocation Model verifySessionToken (JWT-only) returns payload when JWT signature is valid","status":"passed","title":"returns payload when JWT signature is valid","duration":5.898042000000032,"failureMessages":[],"meta":{}},{"ancestorTitles":["Session Revocation Model","verifySessionToken (JWT-only)"],"fullName":"Session Revocation Model verifySessionToken (JWT-only) returns null when JWT signature is invalid","status":"passed","title":"returns null when JWT signature is invalid","duration":14.965790999999854,"failureMessages":[],"meta":{}},{"ancestorTitles":["Session Revocation Model","verifySessionWithDB"],"fullName":"Session Revocation Model verifySessionWithDB rejects revoked DB session even with valid JWT","status":"passed","title":"rejects revoked DB session even with valid JWT","duration":2.804875000000038,"failureMessages":[],"meta":{}},{"ancestorTitles":["Session Revocation Model","verifySessionWithDB"],"fullName":"Session Revocation Model verifySessionWithDB rejects expired DB session even with valid JWT","status":"passed","title":"rejects expired DB session even with valid JWT","duration":0.9805409999999029,"failureMessages":[],"meta":{}},{"ancestorTitles":["Session Revocation Model","verifySessionWithDB"],"fullName":"Session Revocation Model verifySessionWithDB returns payload for valid, non-revoked DB session","status":"passed","title":"returns payload for valid, non-revoked DB session","duration":1.2912919999998849,"failureMessages":[],"meta":{}},{"ancestorTitles":["Session Revocation Model","verifySessionWithDB"],"fullName":"Session Revocation Model verifySessionWithDB allows platform admin without DB session (JWT-only)","status":"passed","title":"allows platform admin without DB session (JWT-only)","duration":0.597582999999986,"failureMessages":[],"meta":{}},{"ancestorTitles":["Session Revocation Model","verifySessionWithDB"],"fullName":"Session Revocation Model verifySessionWithDB returns null when JWT itself is invalid","status":"passed","title":"returns null when JWT itself is invalid","duration":1.8279170000000704,"failureMessages":[],"meta":{}},{"ancestorTitles":["Session Revocation Model","verifySessionWithDB"],"fullName":"Session Revocation Model verifySessionWithDB falls back to JWT-only on DB error (graceful degradation)","status":"passed","title":"falls back to JWT-only on DB error (graceful degradation)","duration":2.807542000000012,"failureMessages":[],"meta":{}},{"ancestorTitles":["Session Revocation Model","Login route creates DB session for tenant users"],"fullName":"Session Revocation Model Login route creates DB session for tenant users tenant user login via /api/auth/login creates a DB Session record","status":"passed","title":"tenant user login via /api/auth/login creates a DB Session record","duration":2.8141669999999976,"failureMessages":[],"meta":{}},{"ancestorTitles":["Session Revocation Model","Revocation chain: logout-all -> middleware rejection"],"fullName":"Session Revocation Model Revocation chain: logout-all -> middleware rejection after logout-all revokes DB sessions, verifySessionWithDB rejects the token","status":"passed","title":"after logout-all revokes DB sessions, verifySessionWithDB rejects the token","duration":0.5561250000000655,"failureMessages":[],"meta":{}},{"ancestorTitles":["Session Revocation Model","Revocation chain: logout-all -> middleware rejection"],"fullName":"Session Revocation Model Revocation chain: logout-all -> middleware rejection after password reset revokes DB sessions, verifySessionWithDB rejects the token","status":"passed","title":"after password reset revokes DB sessions, verifySessionWithDB rejects the token","duration":0.12195900000006077,"failureMessages":[],"meta":{}}],"startTime":1772531662923,"endTime":1772531662959.122,"status":"passed","message":"","name":"/Users/andrewhall/Dream_discovery/__tests__/integration/session-revocation.test.ts"},{"assertionResults":[{"ancestorTitles":["Temporary Password Leakage (Remediation #4)","API response must not contain plaintext password"],"fullName":"Temporary Password Leakage (Remediation #4) API response must not contain plaintext password successful creation response has no temporaryPassword field","status":"passed","title":"successful creation response has no temporaryPassword field","duration":140.193041,"failureMessages":[],"meta":{}},{"ancestorTitles":["Temporary Password Leakage (Remediation #4)","API response must not contain plaintext password"],"fullName":"Temporary Password Leakage (Remediation #4) API response must not contain plaintext password no password-like field exists anywhere in the JSON response","status":"passed","title":"no password-like field exists anywhere in the JSON response","duration":153.2881669999997,"failureMessages":[],"meta":{}},{"ancestorTitles":["Temporary Password Leakage (Remediation #4)","API response must not contain plaintext password"],"fullName":"Temporary Password Leakage (Remediation #4) API response must not contain plaintext password tenant admin creation also has no password in response","status":"passed","title":"tenant admin creation also has no password in response","duration":402.2081250000001,"failureMessages":[],"meta":{}},{"ancestorTitles":["Temporary Password Leakage (Remediation #4)","onboarding via set-password link is preserved"],"fullName":"Temporary Password Leakage (Remediation #4) onboarding via set-password link is preserved creates a passwordResetToken for the set-password link","status":"passed","title":"creates a passwordResetToken for the set-password link","duration":211.22154200000023,"failureMessages":[],"meta":{}},{"ancestorTitles":["Temporary Password Leakage (Remediation #4)","onboarding via set-password link is preserved"],"fullName":"Temporary Password Leakage (Remediation #4) onboarding via set-password link is preserved welcome email is called without temporaryPassword","status":"passed","title":"welcome email is called without temporaryPassword","duration":118.00745899999993,"failureMessages":[],"meta":{}},{"ancestorTitles":["Temporary Password Leakage (Remediation #4)","auth guards"],"fullName":"Temporary Password Leakage (Remediation #4) auth guards unauthenticated request returns 401","status":"passed","title":"unauthenticated request returns 401","duration":0.8937919999998485,"failureMessages":[],"meta":{}},{"ancestorTitles":["Temporary Password Leakage (Remediation #4)","auth guards"],"fullName":"Temporary Password Leakage (Remediation #4) auth guards TENANT_USER cannot create users","status":"passed","title":"TENANT_USER cannot create users","duration":0.2237079999999878,"failureMessages":[],"meta":{}}],"startTime":1772531660894,"endTime":1772531661921.2236,"status":"passed","message":"","name":"/Users/andrewhall/Dream_discovery/__tests__/integration/temp-password-leakage.test.ts"},{"assertionResults":[{"ancestorTitles":["Tenant Boundary Hardening (Remediation #3)","organizationId reassignment"],"fullName":"Tenant Boundary Hardening (Remediation #3) organizationId reassignment TENANT_ADMIN cannot change organizationId for a user in their own org","status":"passed","title":"TENANT_ADMIN cannot change organizationId for a user in their own org","duration":10.473624999999856,"failureMessages":[],"meta":{}},{"ancestorTitles":["Tenant Boundary Hardening (Remediation #3)","organizationId reassignment"],"fullName":"Tenant Boundary Hardening (Remediation #3) organizationId reassignment TENANT_ADMIN cannot set organizationId to null (remove from org)","status":"passed","title":"TENANT_ADMIN cannot set organizationId to null (remove from org)","duration":1.2719590000001517,"failureMessages":[],"meta":{}},{"ancestorTitles":["Tenant Boundary Hardening (Remediation #3)","organizationId reassignment"],"fullName":"Tenant Boundary Hardening (Remediation #3) organizationId reassignment PLATFORM_ADMIN can reassign organizationId freely","status":"passed","title":"PLATFORM_ADMIN can reassign organizationId freely","duration":9.964790999999877,"failureMessages":[],"meta":{}},{"ancestorTitles":["Tenant Boundary Hardening (Remediation #3)","cross-org tenant admin access"],"fullName":"Tenant Boundary Hardening (Remediation #3) cross-org tenant admin access TENANT_ADMIN cannot update a user in a different org","status":"passed","title":"TENANT_ADMIN cannot update a user in a different org","duration":0.9234589999998661,"failureMessages":[],"meta":{}},{"ancestorTitles":["Tenant Boundary Hardening (Remediation #3)","cross-org tenant admin access"],"fullName":"Tenant Boundary Hardening (Remediation #3) cross-org tenant admin access TENANT_ADMIN cannot GET a user in a different org","status":"passed","title":"TENANT_ADMIN cannot GET a user in a different org","duration":2.161999999999807,"failureMessages":[],"meta":{}},{"ancestorTitles":["Tenant Boundary Hardening (Remediation #3)","TENANT_ADMIN allowed updates within own org"],"fullName":"Tenant Boundary Hardening (Remediation #3) TENANT_ADMIN allowed updates within own org can update name, email, role, isActive for same-org user","status":"passed","title":"can update name, email, role, isActive for same-org user","duration":0.7760000000000673,"failureMessages":[],"meta":{}},{"ancestorTitles":["Tenant Boundary Hardening (Remediation #3)","TENANT_ADMIN allowed updates within own org"],"fullName":"Tenant Boundary Hardening (Remediation #3) TENANT_ADMIN allowed updates within own org cannot promote a same-org user to PLATFORM_ADMIN","status":"passed","title":"cannot promote a same-org user to PLATFORM_ADMIN","duration":0.6252500000000509,"failureMessages":[],"meta":{}},{"ancestorTitles":["Tenant Boundary Hardening (Remediation #3)","access control basics"],"fullName":"Tenant Boundary Hardening (Remediation #3) access control basics unauthenticated request returns 401","status":"passed","title":"unauthenticated request returns 401","duration":0.7289169999999103,"failureMessages":[],"meta":{}},{"ancestorTitles":["Tenant Boundary Hardening (Remediation #3)","access control basics"],"fullName":"Tenant Boundary Hardening (Remediation #3) access control basics TENANT_USER cannot PATCH any user","status":"passed","title":"TENANT_USER cannot PATCH any user","duration":2.014583999999786,"failureMessages":[],"meta":{}}],"startTime":1772531663068,"endTime":1772531663097.0146,"status":"passed","message":"","name":"/Users/andrewhall/Dream_discovery/__tests__/integration/tenant-boundary-hardening.test.ts"},{"assertionResults":[{"ancestorTitles":["Audit Logger","logAuditEvent"],"fullName":"Audit Logger logAuditEvent should successfully log audit event with all fields","status":"failed","title":"should successfully log audit event with all fields","duration":13.981999999999971,"failureMessages":["TypeError: Cannot read properties of undefined (reading 'mockResolvedValue')\n    at /Users/andrewhall/Dream_discovery/__tests__/unit/audit-logger.test.ts:44:34\n    at file:///Users/andrewhall/Dream_discovery/node_modules/@vitest/runner/dist/chunk-hooks.js:155:11\n    at file:///Users/andrewhall/Dream_discovery/node_modules/@vitest/runner/dist/chunk-hooks.js:752:26\n    at file:///Users/andrewhall/Dream_discovery/node_modules/@vitest/runner/dist/chunk-hooks.js:1897:20\n    at new Promise (<anonymous>)\n    at runWithTimeout (file:///Users/andrewhall/Dream_discovery/node_modules/@vitest/runner/dist/chunk-hooks.js:1863:10)\n    at runTest (file:///Users/andrewhall/Dream_discovery/node_modules/@vitest/runner/dist/chunk-hooks.js:1574:12)\n    at processTicksAndRejections (node:internal/process/task_queues:105:5)\n    at runSuite (file:///Users/andrewhall/Dream_discovery/node_modules/@vitest/runner/dist/chunk-hooks.js:1729:8)\n    at runSuite (file:///Users/andrewhall/Dream_discovery/node_modules/@vitest/runner/dist/chunk-hooks.js:1729:8)"],"meta":{}},{"ancestorTitles":["Audit Logger","logAuditEvent"],"fullName":"Audit Logger logAuditEvent should log minimal audit event (only required fields)","status":"failed","title":"should log minimal audit event (only required fields)","duration":1.2411660000002485,"failureMessages":["TypeError: Cannot read properties of undefined (reading 'mockResolvedValue')\n    at /Users/andrewhall/Dream_discovery/__tests__/unit/audit-logger.test.ts:99:34\n    at file:///Users/andrewhall/Dream_discovery/node_modules/@vitest/runner/dist/chunk-hooks.js:155:11\n    at file:///Users/andrewhall/Dream_discovery/node_modules/@vitest/runner/dist/chunk-hooks.js:752:26\n    at file:///Users/andrewhall/Dream_discovery/node_modules/@vitest/runner/dist/chunk-hooks.js:1897:20\n    at new Promise (<anonymous>)\n    at runWithTimeout (file:///Users/andrewhall/Dream_discovery/node_modules/@vitest/runner/dist/chunk-hooks.js:1863:10)\n    at runTest (file:///Users/andrewhall/Dream_discovery/node_modules/@vitest/runner/dist/chunk-hooks.js:1574:12)\n    at processTicksAndRejections (node:internal/process/task_queues:105:5)\n    at runSuite (file:///Users/andrewhall/Dream_discovery/node_modules/@vitest/runner/dist/chunk-hooks.js:1729:8)\n    at runSuite (file:///Users/andrewhall/Dream_discovery/node_modules/@vitest/runner/dist/chunk-hooks.js:1729:8)"],"meta":{}},{"ancestorTitles":["Audit Logger","logAuditEvent"],"fullName":"Audit Logger logAuditEvent should log failed action with error message","status":"failed","title":"should log failed action with error message","duration":1.3290420000002996,"failureMessages":["TypeError: Cannot read properties of undefined (reading 'mockResolvedValue')\n    at /Users/andrewhall/Dream_discovery/__tests__/unit/audit-logger.test.ts:128:34\n    at file:///Users/andrewhall/Dream_discovery/node_modules/@vitest/runner/dist/chunk-hooks.js:155:11\n    at file:///Users/andrewhall/Dream_discovery/node_modules/@vitest/runner/dist/chunk-hooks.js:752:26\n    at file:///Users/andrewhall/Dream_discovery/node_modules/@vitest/runner/dist/chunk-hooks.js:1897:20\n    at new Promise (<anonymous>)\n    at runWithTimeout (file:///Users/andrewhall/Dream_discovery/node_modules/@vitest/runner/dist/chunk-hooks.js:1863:10)\n    at runTest (file:///Users/andrewhall/Dream_discovery/node_modules/@vitest/runner/dist/chunk-hooks.js:1574:12)\n    at processTicksAndRejections (node:internal/process/task_queues:105:5)\n    at runSuite (file:///Users/andrewhall/Dream_discovery/node_modules/@vitest/runner/dist/chunk-hooks.js:1729:8)\n    at runSuite (file:///Users/andrewhall/Dream_discovery/node_modules/@vitest/runner/dist/chunk-hooks.js:1729:8)"],"meta":{}},{"ancestorTitles":["Audit Logger","logAuditEvent"],"fullName":"Audit Logger logAuditEvent should log all 16 audit action types","status":"failed","title":"should log all 16 audit action types","duration":1.8879590000001372,"failureMessages":["TypeError: Cannot read properties of undefined (reading 'mockResolvedValueOnce')\n    at /Users/andrewhall/Dream_discovery/__tests__/unit/audit-logger.test.ts:170:36\n    at file:///Users/andrewhall/Dream_discovery/node_modules/@vitest/runner/dist/chunk-hooks.js:155:11\n    at file:///Users/andrewhall/Dream_discovery/node_modules/@vitest/runner/dist/chunk-hooks.js:752:26\n    at file:///Users/andrewhall/Dream_discovery/node_modules/@vitest/runner/dist/chunk-hooks.js:1897:20\n    at new Promise (<anonymous>)\n    at runWithTimeout (file:///Users/andrewhall/Dream_discovery/node_modules/@vitest/runner/dist/chunk-hooks.js:1863:10)\n    at runTest (file:///Users/andrewhall/Dream_discovery/node_modules/@vitest/runner/dist/chunk-hooks.js:1574:12)\n    at processTicksAndRejections (node:internal/process/task_queues:105:5)\n    at runSuite (file:///Users/andrewhall/Dream_discovery/node_modules/@vitest/runner/dist/chunk-hooks.js:1729:8)\n    at runSuite (file:///Users/andrewhall/Dream_discovery/node_modules/@vitest/runner/dist/chunk-hooks.js:1729:8)"],"meta":{}},{"ancestorTitles":["Audit Logger","logAuditEvent"],"fullName":"Audit Logger logAuditEvent should handle complex metadata objects","status":"failed","title":"should handle complex metadata objects","duration":1.598207999999886,"failureMessages":["TypeError: Cannot read properties of undefined (reading 'mockResolvedValue')\n    at /Users/andrewhall/Dream_discovery/__tests__/unit/audit-logger.test.ts:217:34\n    at file:///Users/andrewhall/Dream_discovery/node_modules/@vitest/runner/dist/chunk-hooks.js:155:11\n    at file:///Users/andrewhall/Dream_discovery/node_modules/@vitest/runner/dist/chunk-hooks.js:752:26\n    at file:///Users/andrewhall/Dream_discovery/node_modules/@vitest/runner/dist/chunk-hooks.js:1897:20\n    at new Promise (<anonymous>)\n    at runWithTimeout (file:///Users/andrewhall/Dream_discovery/node_modules/@vitest/runner/dist/chunk-hooks.js:1863:10)\n    at runTest (file:///Users/andrewhall/Dream_discovery/node_modules/@vitest/runner/dist/chunk-hooks.js:1574:12)\n    at processTicksAndRe
[...]
ers/andrewhall/Dream_discovery/node_modules/@vitest/runner/dist/chunk-hooks.js:155:11\n    at file:///Users/andrewhall/Dream_discovery/node_modules/@vitest/runner/dist/chunk-hooks.js:752:26\n    at file:///Users/andrewhall/Dream_discovery/node_modules/@vitest/runner/dist/chunk-hooks.js:1897:20\n    at new Promise (<anonymous>)\n    at runWithTimeout (file:///Users/andrewhall/Dream_discovery/node_modules/@vitest/runner/dist/chunk-hooks.js:1863:10)\n    at runTest (file:///Users/andrewhall/Dream_discovery/node_modules/@vitest/runner/dist/chunk-hooks.js:1574:12)\n    at processTicksAndRejections (node:internal/process/task_queues:105:5)\n    at runSuite (file:///Users/andrewhall/Dream_discovery/node_modules/@vitest/runner/dist/chunk-hooks.js:1729:8)\n    at runSuite (file:///Users/andrewhall/Dream_discovery/node_modules/@vitest/runner/dist/chunk-hooks.js:1729:8)"],"meta":{}},{"ancestorTitles":["Encryption Module","Encryption Roundtrip"],"fullName":"Encryption Module Encryption Roundtrip should successfully encrypt and decrypt null values","status":"failed","title":"should successfully encrypt and decrypt null values","duration":0.1058749999997417,"failureMessages":["TypeError: (0 , encryptData) is not a function\n    at /Users/andrewhall/Dream_discovery/__tests__/unit/encryption.test.ts:137:25\n    at file:///Users/andrewhall/Dream_discovery/node_modules/@vitest/runner/dist/chunk-hooks.js:155:11\n    at file:///Users/andrewhall/Dream_discovery/node_modules/@vitest/runner/dist/chunk-hooks.js:752:26\n    at file:///Users/andrewhall/Dream_discovery/node_modules/@vitest/runner/dist/chunk-hooks.js:1897:20\n    at new Promise (<anonymous>)\n    at runWithTimeout (file:///Users/andrewhall/Dream_discovery/node_modules/@vitest/runner/dist/chunk-hooks.js:1863:10)\n    at runTest (file:///Users/andrewhall/Dream_discovery/node_modules/@vitest/runner/dist/chunk-hooks.js:1574:12)\n    at processTicksAndRejections (node:internal/process/task_queues:105:5)\n    at runSuite (file:///Users/andrewhall/Dream_discovery/node_modules/@vitest/runner/dist/chunk-hooks.js:1729:8)\n    at runSuite (file:///Users/andrewhall/Dream_discovery/node_modules/@vitest/runner/dist/chunk-hooks.js:1729:8)"],"meta":{}},{"ancestorTitles":["Encryption Module","Encryption Roundtrip"],"fullName":"Encryption Module Encryption Roundtrip should successfully encrypt and decrypt arrays","status":"failed","title":"should successfully encrypt and decrypt arrays","duration":0.08437499999990905,"failureMessages":["TypeError: (0 , encryptData) is not a function\n    at /Users/andrewhall/Dream_discovery/__tests__/unit/encryption.test.ts:145:25\n    at file:///Users/andrewhall/Dream_discovery/node_modules/@vitest/runner/dist/chunk-hooks.js:155:11\n    at file:///Users/andrewhall/Dream_discovery/node_modules/@vitest/runner/dist/chunk-hooks.js:752:26\n    at file:///Users/andrewhall/Dream_discovery/node_modules/@vitest/runner/dist/chunk-hooks.js:1897:20\n    at new Promise (<anonymous>)\n    at runWithTimeout (file:///Users/andrewhall/Dream_discovery/node_modules/@vitest/runner/dist/chunk-hooks.js:1863:10)\n    at runTest (file:///Users/andrewhall/Dream_discovery/node_modules/@vitest/runner/dist/chunk-hooks.js:1574:12)\n    at processTicksAndRejections (node:internal/process/task_queues:105:5)\n    at runSuite (file:///Users/andrewhall/Dream_discovery/node_modules/@vitest/runner/dist/chunk-hooks.js:1729:8)\n    at runSuite (file:///Users/andrewhall/Dream_discovery/node_modules/@vitest/runner/dist/chunk-hooks.js:1729:8)"],"meta":{}},{"ancestorTitles":["Encryption Module","Encryption Roundtrip"],"fullName":"Encryption Module Encryption Roundtrip should preserve data types after roundtrip","status":"failed","title":"should preserve data types after roundtrip","duration":0.15895799999998417,"failureMessages":["TypeError: (0 , encryptData) is not a function\n    at /Users/andrewhall/Dream_discovery/__tests__/unit/encryption.test.ts:161:25\n    at file:///Users/andrewhall/Dream_discovery/node_modules/@vitest/runner/dist/chunk-hooks.js:155:11\n    at file:///Users/andrewhall/Dream_discovery/node_modules/@vitest/runner/dist/chunk-hooks.js:752:26\n    at file:///Users/andrewhall/Dream_discovery/node_modules/@vitest/runner/dist/chunk-hooks.js:1897:20\n    at new Promise (<anonymous>)\n    at runWithTimeout (file:///Users/andrewhall/Dream_discovery/node_modules/@vitest/runner/dist/chunk-hooks.js:1863:10)\n    at runTest (file:///Users/andrewhall/Dream_discovery/node_modules/@vitest/runner/dist/chunk-hooks.js:1574:12)\n    at processTicksAndRejections (node:internal/process/task_queues:105:5)\n    at runSuite (file:///Users/andrewhall/Dream_discovery/node_modules/@vitest/runner/dist/chunk-hooks.js:1729:8)\n    at runSuite (file:///Users/andrewhall/Dream_discovery/node_modules/@vitest/runner/dist/chunk-hooks.js:1729:8)"],"meta":{}},{"ancestorTitles":["Encryption Module","Security Properties"],"fullName":"Encryption Module Security Properties should use different salt for same password (PBKDF2)","status":"failed","title":"should use different salt for same password (PBKDF2)","duration":0.09395900000026813,"failureMessages":["TypeError: (0 , encryptData) is not a function\n    at /Users/andrewhall/Dream_discovery/__tests__/unit/encryption.test.ts:177:26\n    at file:///Users/andrewhall/Dream_discovery/node_modules/@vitest/runner/dist/chunk-hooks.js:155:11\n    at file:///Users/andrewhall/Dream_discovery/node_modules/@vitest/runner/dist/chunk-hooks.js:752:26\n    at file:///Users/andrewhall/Dream_discovery/node_modules/@vitest/runner/dist/chunk-hooks.js:1897:20\n    at new Promise (<anonymous>)\n    at runWithTimeout (file:///Users/andrewhall/Dream_discovery/node_modules/@vitest/runner/dist/chunk-hooks.js:1863:10)\n    at runTest (file:///Users/andrewhall/Dream_discovery/node_modules/@vitest/runner/dist/chunk-hooks.js:1574:12)\n    at processTicksAndRejections (node:internal/process/task_queues:105:5)\n    at runSuite (file:///Users/andrewhall/Dream_discovery/node_modules/@vitest/runner/dist/chunk-hooks.js:1729:8)\n    at runSuite (file:///Users/andrewhall/Dream_discovery/node_modules/@vitest/runner/dist/chunk-hooks.js:1729:8)"],"meta":{}},{"ancestorTitles":["Encryption Module","Security Properties"],"fullName":"Encryption Module Security Properties should use different IV for same data (AES-GCM)","status":"failed","title":"should use different IV for same data (AES-GCM)","duration":0.1408329999999296,"failureMessages":["TypeError: (0 , encryptData) is not a function\n    at /Users/andrewhall/Dream_discovery/__tests__/unit/encryption.test.ts:192:26\n    at file:///Users/andrewhall/Dream_discovery/node_modules/@vitest/runner/dist/chunk-hooks.js:155:11\n    at file:///Users/andrewhall/Dream_discovery/node_modules/@vitest/runner/dist/chunk-hooks.js:752:26\n    at file:///Users/andrewhall/Dream_discovery/node_modules/@vitest/runner/dist/chunk-hooks.js:1897:20\n    at new Promise (<anonymous>)\n    at runWithTimeout (file:///Users/andrewhall/Dream_discovery/node_modules/@vitest/runner/dist/chunk-hooks.js:1863:10)\n    at runTest (file:///Users/andrewhall/Dream_discovery/node_modules/@vitest/runner/dist/chunk-hooks.js:1574:12)\n    at processTicksAndRejections (node:internal/process/task_queues:105:5)\n    at runSuite (file:///Users/andrewhall/Dream_discovery/node_modules/@vitest/runner/dist/chunk-hooks.js:1729:8)\n    at runSuite (file:///Users/andrewhall/Dream_discovery/node_modules/@vitest/runner/dist/chunk-hooks.js:1729:8)"],"meta":{}},{"ancestorTitles":["Encryption Module","Security Properties"],"fullName":"Encryption Module Security Properties should produce different ciphertext with different passwords","status":"failed","title":"should produce different ciphertext with different passwords","duration":0.15854199999967022,"failureMessages":["TypeError: (0 , encryptData) is not a function\n    at /Users/andrewhall/Dream_discovery/__tests__/unit/encryption.test.ts:207:26\n    at file:///Users/andrewhall/Dream_discovery/node_modules/@vitest/runner/dist/chunk-hooks.js:155:11\n    at file:///Users/andrewhall/Dream_discovery/node_modules/@vitest/runner/dist/chunk-hooks.js:752:26\n    at file:///Users/andrewhall/Dream_discovery/node_modules/@vitest/runner/dist/chunk-hooks.js:1897:20\n    at new Promise (<anonymous>)\n    at runWithTimeout (file:///Users/andrewhall/Dream_discovery/node_modules/@vitest/runner/dist/chunk-hooks.js:1863:10)\n    at runTest (file:///Users/andrewhall/Dream_discovery/node_modules/@vitest/runner/dist/chunk-hooks.js:1574:12)\n    at processTicksAndRejections (node:internal/process/task_queues:105:5)\n    at runSuite (file:///Users/andrewhall/Dream_discovery/node_modules/@vitest/runner/dist/chunk-hooks.js:1729:8)\n    at runSuite (file:///Users/andrewhall/Dream_discovery/node_modules/@vitest/runner/dist/chunk-hooks.js:1729:8)"],"meta":{}},{"ancestorTitles":["Encryption Module","Edge Cases"],"fullName":"Encryption Module Edge Cases should handle very long passwords","status":"failed","title":"should handle very long passwords","duration":0.10337500000014188,"failureMessages":["TypeError: (0 , encryptData) is not a function\n    at /Users/andrewhall/Dream_discovery/__tests__/unit/encryption.test.ts:228:25\n    at file:///Users/andrewhall/Dream_discovery/node_modules/@vitest/runner/dist/chunk-hooks.js:155:11\n    at file:///Users/andrewhall/Dream_discovery/node_modules/@vitest/runner/dist/chunk-hooks.js:752:26\n    at file:///Users/andrewhall/Dream_discovery/node_modules/@vitest/runner/dist/chunk-hooks.js:1897:20\n    at new Promise (<anonymous>)\n    at runWithTimeout (file:///Users/andrewhall/Dream_discovery/node_modules/@vitest/runner/dist/chunk-hooks.js:1863:10)\n    at runTest (file:///Users/andrewhall/Dream_discovery/node_modules/@vitest/runner/dist/chunk-hooks.js:1574:12)\n    at processTicksAndRejections (node:internal/process/task_queues:105:5)\n    at runSuite (file:///Users/andrewhall/Dream_discovery/node_modules/@vitest/runner/dist/chunk-hooks.js:1729:8)\n    at runSuite (file:///Users/andrewhall/Dream_discovery/node_modules/@vitest/runner/dist/chunk-hooks.js:1729:8)"],"meta":{}},{"ancestorTitles":["Encryption Module","Edge Cases"],"fullName":"Encryption Module Edge Cases should handle single character password","status":"failed","title":"should handle single character password","duration":0.08537500000011278,"failureMessages":["TypeError: (0 , encryptData) is not a function\n    at /Users/andrewhall/Dream_discovery/__tests__/unit/encryption.test.ts:236:25\n    at file:///Users/andrewhall/Dream_discovery/node_modules/@vitest/runner/dist/chunk-hooks.js:155:11\n    at file:///Users/andrewhall/Dream_discovery/node_modules/@vitest/runner/dist/chunk-hooks.js:752:26\n    at file:///Users/andrewhall/Dream_discovery/node_modules/@vitest/runner/dist/chunk-hooks.js:1897:20\n    at new Promise (<anonymous>)\n    at runWithTimeout (file:///Users/andrewhall/Dream_discovery/node_modules/@vitest/runner/dist/chunk-hooks.js:1863:10)\n    at runTest (file:///Users/andrewhall/Dream_discovery/node_modules/@vitest/runner/dist/chunk-hooks.js:1574:12)\n    at processTicksAndRejections (node:internal/process/task_queues:105:5)\n    at runSuite (file:///Users/andrewhall/Dream_discovery/node_modules/@vitest/runner/dist/chunk-hooks.js:1729:8)\n    at runSuite (file:///Users/andrewhall/Dream_discovery/node_modules/@vitest/runner/dist/chunk-hooks.js:1729:8)"],"meta":{}},{"ancestorTitles":["Encryption Module","Edge Cases"],"fullName":"Encryption Module Edge Cases should handle data with circular references gracefully","status":"passed","title":"should handle data with circular references gracefully","duration":3.7517499999999018,"failureMessages":[],"meta":{}},{"ancestorTitles":["Encryption Module","Edge Cases"],"fullName":"Encryption Module Edge Cases should handle undefined values in objects","status":"failed","title":"should handle undefined values in objects","duration":0.2715410000000702,"failureMessages":["TypeError: (0 , encryptData) is not a function\n    at /Users/andrewhall/Dream_discovery/__tests__/unit/encryption.test.ts:252:25\n    at file:///Users/andrewhall/Dream_discovery/node_modules/@vitest/runner/dist/chunk-hooks.js:155:11\n    at file:///Users/andrewhall/Dream_discovery/node_modules/@vitest/runner/dist/chunk-hooks.js:752:26\n    at file:///Users/andrewhall/Dream_discovery/node_modules/@vitest/runner/dist/chunk-hooks.js:1897:20\n    at new Promise (<anonymous>)\n    at runWithTimeout (file:///Users/andrewhall/Dream_discovery/node_modules/@vitest/runner/dist/chunk-hooks.js:1863:10)\n    at runTest (file:///Users/andrewhall/Dream_discovery/node_modules/@vitest/runner/dist/chunk-hooks.js:1574:12)\n    at processTicksAndRejections (node:internal/process/task_queues:105:5)\n    at runSuite (file:///Users/andrewhall/Dream_discovery/node_modules/@vitest/runner/dist/chunk-hooks.js:1729:8)\n    at runSuite (file:///Users/andrewhall/Dream_discovery/node_modules/@vitest/runner/dist/chunk-hooks.js:1729:8)"],"meta":{}},{"ancestorTitles":["Encryption Module","Edge Cases"],"fullName":"Encryption Module Edge Cases should handle Date objects","status":"failed","title":"should handle Date objects","duration":0.12179199999991397,"failureMessages":["TypeError: (0 , encryptData) is not a function\n    at /Users/andrewhall/Dream_discovery/__tests__/unit/encryption.test.ts:261:25\n    at file:///Users/andrewhall/Dream_discovery/node_modules/@vitest/runner/dist/chunk-hooks.js:155:11\n    at file:///Users/andrewhall/Dream_discovery/node_modules/@vitest/runner/dist/chunk-hooks.js:752:26\n    at file:///Users/andrewhall/Dream_discovery/node_modules/@vitest/runner/dist/chunk-hooks.js:1897:20\n    at new Promise (<anonymous>)\n    at runWithTimeout (file:///Users/andrewhall/Dream_discovery/node_modules/@vitest/runner/dist/chunk-hooks.js:1863:10)\n    at runTest (file:///Users/andrewhall/Dream_discovery/node_modules/@vitest/runner/dist/chunk-hooks.js:1574:12)\n    at processTicksAndRejections (node:internal/process/task_queues:105:5)\n    at runSuite (file:///Users/andrewhall/Dream_discovery/node_modules/@vitest/runner/dist/chunk-hooks.js:1729:8)\n    at runSuite (file:///Users/andrewhall/Dream_discovery/node_modules/@vitest/runner/dist/chunk-hooks.js:1729:8)"],"meta":{}}],"startTime":1772531660648,"endTime":1772531660669.2715,"status":"failed","message":"","name":"/Users/andrewhall/Dream_discovery/__tests__/unit/encryption.test.ts"},{"assertionResults":[{"ancestorTitles":["Rate Limiter (Remediation #8)","in-memory fallback (no Upstash env vars)"],"fullName":"Rate Limiter (Remediation #8) in-memory fallback (no Upstash env vars) allows requests within limit","status":"passed","title":"allows requests within limit","duration":3.7510409999999865,"failureMessages":[],"meta":{}},{"ancestorTitles":["Rate Limiter (Remediation #8)","in-memory fallback (no Upstash env vars)"],"fullName":"Rate Limiter (Remediation #8) in-memory fallback (no Upstash env vars) denies requests exceeding limit","status":"passed","title":"denies requests exceeding limit","duration":0.5227090000003045,"failureMessages":[],"meta":{}},{"ancestorTitles":["Rate Limiter (Remediation #8)","in-memory fallback (no Upstash env vars)"],"fullName":"Rate Limiter (Remediation #8) in-memory fallback (no Upstash env vars) includes a reset timestamp in the future","status":"passed","title":"includes a reset timestamp in the future","duration":0.8795000000000073,"failureMessages":[],"meta":{}},{"ancestorTitles":["Rate Limiter (Remediation #8)","in-memory fallback (no Upstash env vars)"],"fullName":"Rate Limiter (Remediation #8) in-memory fallback (no Upstash env vars) resets after interval expires","status":"passed","title":"resets after interval expires","duration":155.573625,"failureMessages":[],"meta":{}},{"ancestorTitles":["Rate Limiter (Remediation #8)","in-memory fallback (no Upstash env vars)"],"fullName":"Rate Limiter (Remediation #8) in-memory fallback (no Upstash env vars) tracks different tokens independently","status":"passed","title":"tracks different tokens independently","duration":0.7035409999998592,"failureMessages":[],"meta":{}},{"ancestorTitles":["Rate Limiter (Remediation #8)","in-memory fallback (no Upstash env vars)"],"fullName":"Rate Limiter (Remediation #8) in-memory fallback (no Upstash env vars) does not call Upstash when env vars are absent","status":"passed","title":"does not call Upstash when env vars are absent","duration":0.410457999999835,"failureMessages":[],"meta":{}},{"ancestorTitles":["Rate Limiter (Remediation #8)","distributed mode (Upstash env vars set)"],"fullName":"Rate Limiter (Remediation #8) distributed mode (Upstash env vars set) delegates to Upstash Ratelimit.limit() when env vars are set","status":"passed","title":"delegates to Upstash Ratelimit.limit() when env vars are set","duration":11.909834000000046,"failureMessages":[],"meta":{}},{"ancestorTitles":["Rate Limiter (Remediation #8)","distributed mode (Upstash env vars set)"],"fullName":"Rate Limiter (Remediation #8) distributed mode (Upstash env vars set) returns deny result from Upstash","status":"passed","title":"returns deny result from Upstash","duration":0.670875000000251,"failureMessages":[],"meta":{}},{"ancestorTitles":["Rate Limiter (Remediation #8)","distributed mode (Upstash env vars set)"],"fullName":"Rate Limiter (Remediation #8) distributed mode (Upstash env vars set) caches Upstash instances: two calls share one limit mock","status":"passed","title":"caches Upstash instances: two calls share one limit mock","duration":3.2810420000000704,"failureMessages":[],"meta":{}},{"ancestorTitles":["Rate Limiter (Remediation #8)","fallback on Upstash failure"],"fullName":"Rate Limiter (Remediation #8) fallback on Upstash failure falls back to in-memory when Upstash throws","status":"passed","title":"falls back to in-memory when Upstash throws","duration":10.219916999999896,"failureMessages":[],"meta":{}},{"ancestorTitles":["Rate Limiter (Remediation #8)","fallback on Upstash failure"],"fullName":"Rate Limiter (Remediation #8) fallback on Upstash failure in-memory fallback still enforces limits when Upstash is down","status":"passed","title":"in-memory fallback still enforces limits when Upstash is down","duration":0.8476670000000013,"failureMessages":[],"meta":{}},{"ancestorTitles":["Rate Limiter (Remediation #8)","pre-configured limiters"],"fullName":"Rate Limiter (Remediation #8) pre-configured limiters apiLimiter exists and has check method","status":"passed","title":"apiLimiter exists and has check method","duration":0.09529100000008839,"failureMessages":[],"meta":{}},{"ancestorTitles":["Rate Limiter (Remediation #8)","pre-configured limiters"],"fullName":"Rate Limiter (Remediation #8) pre-configured limiters authLimiter exists and has check method","status":"passed","title":"authLimiter exists and has check method","duration":0.05850000000009459,"failureMessages":[],"meta":{}},{"ancestorTitles":["Rate Limiter (Remediation #8)","pre-configured limiters"],"fullName":"Rate Limiter (Remediation #8) pre-configured limiters strictLimiter exists and has check method","status":"passed","title":"strictLimiter exists and has check method","duration":0.05220899999994799,"failureMessages":[],"meta":{}},{"ancestorTitles":["Rate Limiter (Remediation #8)","pre-configured limiters"],"fullName":"Rate Limiter (Remediation #8) pre-configured limiters apiLimiter works in-memory mode","status":"passed","title":"apiLimiter works in-memory mode","duration":0.37841600000001563,"failureMessages":[],"meta":{}},{"ancestorTitles":["Rate Limiter (Remediation #8)","_resetForTesting"],"fullName":"Rate Limiter (Remediation #8) _resetForTesting clears in-memory state so limits restart","status":"passed","title":"clears in-memory state so limits restart","duration":0.09820900000022448,"failureMessages":[],"meta":{}}],"startTime":1772531660643,"endTime":1772531660834.3784,"status":"passed","message":"","name":"/Users/andrewhall/Dream_discovery/__tests__/unit/rate-limit.test.ts"}]}